<?xml version="1.0" encoding="UTF-8" ?>
<testsuites>
  <testsuite errors="0" failures="0" hostname="yt00638" id="0" name="ExamControllerTest" package="com.augmentum.oes.controller" skipped="0" tests="2" time="7.062" timestamp="2016-08-18T11:08:34">
      <properties>
[...]
</properties>

      <testcase classname="com.augmentum.oes.controller.ExamControllerTest" name="testExamList" time="5.734" />

      <testcase classname="com.augmentum.oes.controller.ExamControllerTest" name="testCreate" time="1.25" />

      <system-out><![CDATA[before method。。。。 
invoke logMethodTime....
[18 八月 2016 19:08:40 DEBUG] - ooo Using Connection [com.mchange.v2.c3p0.impl.NewProxyConnection@1b1590b]
[18 八月 2016 19:08:40 DEBUG] - ==>  Preparing: INSERT INTO exam(exam_id, exam_name, description, effective_time, duration, question_quantity, question_points, pass_criteria, full_score, creator) VALUES (?, ?, ?, ?, ?, ?, ?, ?, ?, ?) 
[18 八月 2016 19:08:40 DEBUG] - ==> Parameters: E0000(String), Exam name(String), this is test exam(String), 2016-08-18 19:08:00.0(Timestamp), 60(String), 20(String), 5(String), 60(String), 100(String), Glenn.Zheng(String)
log method endcom.augmentum.oes.service.impl.ExamServiceImpl.addExam
[18 八月 2016 19:08:40  INFO] - Glenn.Zheng:ExamService:addExam:172
before method。。。。 
invoke logMethodTime....
[18 八月 2016 19:08:40 DEBUG] - ooo Using Connection [com.mchange.v2.c3p0.impl.NewProxyConnection@5b845]
[18 八月 2016 19:08:40 DEBUG] - ==>  Preparing: INSERT INTO exam(exam_id, exam_name, description, effective_time, duration, question_quantity, question_points, pass_criteria, full_score, creator) VALUES (?, ?, ?, ?, ?, ?, ?, ?, ?, ?) 
[18 八月 2016 19:08:40 DEBUG] - ==> Parameters: E0001(String), Exam name(String), this is test exam(String), 2016-08-18 19:08:00.0(Timestamp), 60(String), 20(String), 5(String), 60(String), 100(String), Glenn.Zheng(String)
log method endcom.augmentum.oes.service.impl.ExamServiceImpl.addExam
[18 八月 2016 19:08:40  INFO] - Glenn.Zheng:ExamService:addExam:0
before method。。。。 
invoke logMethodTime....
[18 八月 2016 19:08:40 DEBUG] - ooo Using Connection [com.mchange.v2.c3p0.impl.NewProxyConnection@101daf7]
[18 八月 2016 19:08:40 DEBUG] - ==>  Preparing: INSERT INTO exam(exam_id, exam_name, description, effective_time, duration, question_quantity, question_points, pass_criteria, full_score, creator) VALUES (?, ?, ?, ?, ?, ?, ?, ?, ?, ?) 
[18 八月 2016 19:08:40 DEBUG] - ==> Parameters: E0002(String), Exam name(String), this is test exam(String), 2016-08-18 19:08:00.0(Timestamp), 60(String), 20(String), 5(String), 60(String), 100(String), Glenn.Zheng(String)
log method endcom.augmentum.oes.service.impl.ExamServiceImpl.addExam
[18 八月 2016 19:08:40  INFO] - Glenn.Zheng:ExamService:addExam:0
before method。。。。 
invoke logMethodTime....
[18 八月 2016 19:08:40 DEBUG] - ooo Using Connection [com.mchange.v2.c3p0.impl.NewProxyConnection@311ed4]
[18 八月 2016 19:08:40 DEBUG] - ==>  Preparing: INSERT INTO exam(exam_id, exam_name, description, effective_time, duration, question_quantity, question_points, pass_criteria, full_score, creator) VALUES (?, ?, ?, ?, ?, ?, ?, ?, ?, ?) 
[18 八月 2016 19:08:40 DEBUG] - ==> Parameters: E0003(String), Exam name(String), this is test exam(String), 2016-08-18 19:08:00.0(Timestamp), 60(String), 20(String), 5(String), 60(String), 100(String), Glenn.Zheng(String)
log method endcom.augmentum.oes.service.impl.ExamServiceImpl.addExam
[18 八月 2016 19:08:40  INFO] - Glenn.Zheng:ExamService:addExam:0
before method。。。。 
invoke logMethodTime....
[18 八月 2016 19:08:40 DEBUG] - ooo Using Connection [com.mchange.v2.c3p0.impl.NewProxyConnection@1e5d76c]
[18 八月 2016 19:08:40 DEBUG] - ==>  Preparing: INSERT INTO exam(exam_id, exam_name, description, effective_time, duration, question_quantity, question_points, pass_criteria, full_score, creator) VALUES (?, ?, ?, ?, ?, ?, ?, ?, ?, ?) 
[18 八月 2016 19:08:40 DEBUG] - ==> Parameters: E0004(String), Exam name(String), this is test exam(String), 2016-08-18 19:08:00.0(Timestamp), 60(String), 20(String), 5(String), 60(String), 100(String), Glenn.Zheng(String)
log method endcom.augmentum.oes.service.impl.ExamServiceImpl.addExam
[18 八月 2016 19:08:40  INFO] - Glenn.Zheng:ExamService:addExam:0
before method。。。。 
invoke logMethodTime....
[18 八月 2016 19:08:40 DEBUG] - ooo Using Connection [com.mchange.v2.c3p0.impl.NewProxyConnection@1a37b98]
[18 八月 2016 19:08:40 DEBUG] - ==>  Preparing: INSERT INTO exam(exam_id, exam_name, description, effective_time, duration, question_quantity, question_points, pass_criteria, full_score, creator) VALUES (?, ?, ?, ?, ?, ?, ?, ?, ?, ?) 
[18 八月 2016 19:08:40 DEBUG] - ==> Parameters: E0005(String), Exam name(String), this is test exam(String), 2016-08-18 19:08:00.0(Timestamp), 60(String), 20(String), 5(String), 60(String), 100(String), Glenn.Zheng(String)
log method endcom.augmentum.oes.service.impl.ExamServiceImpl.addExam
[18 八月 2016 19:08:40  INFO] - Glenn.Zheng:ExamService:addExam:16
before method。。。。 
invoke logMethodTime....
[18 八月 2016 19:08:40 DEBUG] - ooo Using Connection [com.mchange.v2.c3p0.impl.NewProxyConnection@ee0b0e]
[18 八月 2016 19:08:40 DEBUG] - ==>  Preparing: INSERT INTO exam(exam_id, exam_name, description, effective_time, duration, question_quantity, question_points, pass_criteria, full_score, creator) VALUES (?, ?, ?, ?, ?, ?, ?, ?, ?, ?) 
[18 八月 2016 19:08:40 DEBUG] - ==> Parameters: E0006(String), Exam name(String), this is test exam(String), 2016-08-18 19:08:00.0(Timestamp), 60(String), 20(String), 5(String), 60(String), 100(String), Glenn.Zheng(String)
log method endcom.augmentum.oes.service.impl.ExamServiceImpl.addExam
[18 八月 2016 19:08:40  INFO] - Glenn.Zheng:ExamService:addExam:0
before method。。。。 
invoke logMethodTime....
[18 八月 2016 19:08:40 DEBUG] - ooo Using Connection [com.mchange.v2.c3p0.impl.NewProxyConnection@471d03]
[18 八月 2016 19:08:40 DEBUG] - ==>  Preparing: INSERT INTO exam(exam_id, exam_name, description, effective_time, duration, question_quantity, question_points, pass_criteria, full_score, creator) VALUES (?, ?, ?, ?, ?, ?, ?, ?, ?, ?) 
[18 八月 2016 19:08:40 DEBUG] - ==> Parameters: E0007(String), Exam name(String), this is test exam(String), 2016-08-18 19:08:00.0(Timestamp), 60(String), 20(String), 5(String), 60(String), 100(String), Glenn.Zheng(String)
log method endcom.augmentum.oes.service.impl.ExamServiceImpl.addExam
[18 八月 2016 19:08:40  INFO] - Glenn.Zheng:ExamService:addExam:15
before method。。。。 
invoke logMethodTime....
[18 八月 2016 19:08:40 DEBUG] - ooo Using Connection [com.mchange.v2.c3p0.impl.NewProxyConnection@ebb182]
[18 八月 2016 19:08:40 DEBUG] - ==>  Preparing: INSERT INTO exam(exam_id, exam_name, description, effective_time, duration, question_quantity, question_points, pass_criteria, full_score, creator) VALUES (?, ?, ?, ?, ?, ?, ?, ?, ?, ?) 
[18 八月 2016 19:08:40 DEBUG] - ==> Parameters: E0008(String), Exam name(String), this is test exam(String), 2016-08-18 19:08:00.0(Timestamp), 60(String), 20(String), 5(String), 60(String), 100(String), Glenn.Zheng(String)
log method endcom.augmentum.oes.service.impl.ExamServiceImpl.addExam
[18 八月 2016 19:08:40  INFO] - Glenn.Zheng:ExamService:addExam:0
before method。。。。 
invoke logMethodTime....
[18 八月 2016 19:08:40 DEBUG] - ooo Using Connection [com.mchange.v2.c3p0.impl.NewProxyConnection@1597309]
[18 八月 2016 19:08:40 DEBUG] - ==>  Preparing: INSERT INTO exam(exam_id, exam_name, description, effective_time, duration, question_quantity, question_points, pass_criteria, full_score, creator) VALUES (?, ?, ?, ?, ?, ?, ?, ?, ?, ?) 
[18 八月 2016 19:08:40 DEBUG] - ==> Parameters: E0009(String), Exam name(String), this is test exam(String), 2016-08-18 19:08:00.0(Timestamp), 60(String), 20(String), 5(String), 60(String), 100(String), Glenn.Zheng(String)
log method endcom.augmentum.oes.service.impl.ExamServiceImpl.addExam
[18 八月 2016 19:08:40  INFO] - Glenn.Zheng:ExamService:addExam:16
before method。。。。 
invoke logMethodTime....
[18 八月 2016 19:08:40 DEBUG] - ooo Using Connection [com.mchange.v2.c3p0.impl.NewProxyConnection@1bd9dea]
[18 八月 2016 19:08:40 DEBUG] - ==>  Preparing: INSERT INTO exam(exam_id, exam_name, description, effective_time, duration, question_quantity, question_points, pass_criteria, full_score, creator) VALUES (?, ?, ?, ?, ?, ?, ?, ?, ?, ?) 
[18 八月 2016 19:08:40 DEBUG] - ==> Parameters: E00010(String), Exam name(String), this is test exam(String), 2016-08-18 19:08:00.0(Timestamp), 60(String), 20(String), 5(String), 60(String), 100(String), Glenn.Zheng(String)
log method endcom.augmentum.oes.service.impl.ExamServiceImpl.addExam
[18 八月 2016 19:08:40  INFO] - Glenn.Zheng:ExamService:addExam:0
before method。。。。 
invoke logMethodTime....
[18 八月 2016 19:08:40 DEBUG] - ooo Using Connection [com.mchange.v2.c3p0.impl.NewProxyConnection@3efd26]
[18 八月 2016 19:08:40 DEBUG] - ==>  Preparing: INSERT INTO exam(exam_id, exam_name, description, effective_time, duration, question_quantity, question_points, pass_criteria, full_score, creator) VALUES (?, ?, ?, ?, ?, ?, ?, ?, ?, ?) 
[18 八月 2016 19:08:40 DEBUG] - ==> Parameters: E00011(String), Exam name(String), this is test exam(String), 2016-08-18 19:08:00.0(Timestamp), 60(String), 20(String), 5(String), 60(String), 100(String), Glenn.Zheng(String)
log method endcom.augmentum.oes.service.impl.ExamServiceImpl.addExam
[18 八月 2016 19:08:40  INFO] - Glenn.Zheng:ExamService:addExam:0
before method。。。。 
invoke logMethodTime....
[18 八月 2016 19:08:40 DEBUG] - ooo Using Connection [com.mchange.v2.c3p0.impl.NewProxyConnection@180e8d1]
[18 八月 2016 19:08:40 DEBUG] - ==>  Preparing: INSERT INTO exam(exam_id, exam_name, description, effective_time, duration, question_quantity, question_points, pass_criteria, full_score, creator) VALUES (?, ?, ?, ?, ?, ?, ?, ?, ?, ?) 
[18 八月 2016 19:08:40 DEBUG] - ==> Parameters: E00012(String), Exam name(String), this is test exam(String), 2016-08-18 19:08:00.0(Timestamp), 60(String), 20(String), 5(String), 60(String), 100(String), Glenn.Zheng(String)
log method endcom.augmentum.oes.service.impl.ExamServiceImpl.addExam
[18 八月 2016 19:08:40  INFO] - Glenn.Zheng:ExamService:addExam:0
before method。。。。 
invoke logMethodTime....
[18 八月 2016 19:08:40 DEBUG] - ooo Using Connection [com.mchange.v2.c3p0.impl.NewProxyConnection@6b5b3c]
[18 八月 2016 19:08:40 DEBUG] - ==>  Preparing: INSERT INTO exam(exam_id, exam_name, description, effective_time, duration, question_quantity, question_points, pass_criteria, full_score, creator) VALUES (?, ?, ?, ?, ?, ?, ?, ?, ?, ?) 
[18 八月 2016 19:08:40 DEBUG] - ==> Parameters: E00013(String), Exam name(String), this is test exam(String), 2016-08-18 19:08:00.0(Timestamp), 60(String), 20(String), 5(String), 60(String), 100(String), Glenn.Zheng(String)
log method endcom.augmentum.oes.service.impl.ExamServiceImpl.addExam
[18 八月 2016 19:08:40  INFO] - Glenn.Zheng:ExamService:addExam:0
before method。。。。 
invoke logMethodTime....
[18 八月 2016 19:08:40 DEBUG] - ooo Using Connection [com.mchange.v2.c3p0.impl.NewProxyConnection@f31768]
[18 八月 2016 19:08:40 DEBUG] - ==>  Preparing: INSERT INTO exam(exam_id, exam_name, description, effective_time, duration, question_quantity, question_points, pass_criteria, full_score, creator) VALUES (?, ?, ?, ?, ?, ?, ?, ?, ?, ?) 
[18 八月 2016 19:08:40 DEBUG] - ==> Parameters: E00014(String), Exam name(String), this is test exam(String), 2016-08-18 19:08:00.0(Timestamp), 60(String), 20(String), 5(String), 60(String), 100(String), Glenn.Zheng(String)
log method endcom.augmentum.oes.service.impl.ExamServiceImpl.addExam
[18 八月 2016 19:08:40  INFO] - Glenn.Zheng:ExamService:addExam:16
before method。。。。 
invoke logMethodTime....
[18 八月 2016 19:08:40 DEBUG] - ooo Using Connection [com.mchange.v2.c3p0.impl.NewProxyConnection@68a414]
[18 八月 2016 19:08:40 DEBUG] - ==>  Preparing: INSERT INTO exam(exam_id, exam_name, description, effective_time, duration, question_quantity, question_points, pass_criteria, full_score, creator) VALUES (?, ?, ?, ?, ?, ?, ?, ?, ?, ?) 
[18 八月 2016 19:08:40 DEBUG] - ==> Parameters: E00015(String), Exam name(String), this is test exam(String), 2016-08-18 19:08:00.0(Timestamp), 60(String), 20(String), 5(String), 60(String), 100(String), Glenn.Zheng(String)
log method endcom.augmentum.oes.service.impl.ExamServiceImpl.addExam
[18 八月 2016 19:08:40  INFO] - Glenn.Zheng:ExamService:addExam:0
before method。。。。 
invoke logMethodTime....
[18 八月 2016 19:08:40 DEBUG] - ooo Using Connection [com.mchange.v2.c3p0.impl.NewProxyConnection@104eeb1]
[18 八月 2016 19:08:40 DEBUG] - ==>  Preparing: INSERT INTO exam(exam_id, exam_name, description, effective_time, duration, question_quantity, question_points, pass_criteria, full_score, creator) VALUES (?, ?, ?, ?, ?, ?, ?, ?, ?, ?) 
[18 八月 2016 19:08:40 DEBUG] - ==> Parameters: E00016(String), Exam name(String), this is test exam(String), 2016-08-18 19:08:00.0(Timestamp), 60(String), 20(String), 5(String), 60(String), 100(String), Glenn.Zheng(String)
log method endcom.augmentum.oes.service.impl.ExamServiceImpl.addExam
[18 八月 2016 19:08:40  INFO] - Glenn.Zheng:ExamService:addExam:0
before method。。。。 
invoke logMethodTime....
[18 八月 2016 19:08:40 DEBUG] - ooo Using Connection [com.mchange.v2.c3p0.impl.NewProxyConnection@17f1fac]
[18 八月 2016 19:08:40 DEBUG] - ==>  Preparing: INSERT INTO exam(exam_id, exam_name, description, effective_time, duration, question_quantity, question_points, pass_criteria, full_score, creator) VALUES (?, ?, ?, ?, ?, ?, ?, ?, ?, ?) 
[18 八月 2016 19:08:40 DEBUG] - ==> Parameters: E00017(String), Exam name(String), this is test exam(String), 2016-08-18 19:08:00.0(Timestamp), 60(String), 20(String), 5(String), 60(String), 100(String), Glenn.Zheng(String)
log method endcom.augmentum.oes.service.impl.ExamServiceImpl.addExam
[18 八月 2016 19:08:40  INFO] - Glenn.Zheng:ExamService:addExam:0
before method。。。。 
invoke logMethodTime....
[18 八月 2016 19:08:40 DEBUG] - ooo Using Connection [com.mchange.v2.c3p0.impl.NewProxyConnection@15bfbc9]
[18 八月 2016 19:08:40 DEBUG] - ==>  Preparing: INSERT INTO exam(exam_id, exam_name, description, effective_time, duration, question_quantity, question_points, pass_criteria, full_score, creator) VALUES (?, ?, ?, ?, ?, ?, ?, ?, ?, ?) 
[18 八月 2016 19:08:40 DEBUG] - ==> Parameters: E00018(String), Exam name(String), this is test exam(String), 2016-08-18 19:08:00.0(Timestamp), 60(String), 20(String), 5(String), 60(String), 100(String), Glenn.Zheng(String)
log method endcom.augmentum.oes.service.impl.ExamServiceImpl.addExam
[18 八月 2016 19:08:40  INFO] - Glenn.Zheng:ExamService:addExam:0
before method。。。。 
invoke logMethodTime....
[18 八月 2016 19:08:40 DEBUG] - ooo Using Connection [com.mchange.v2.c3p0.impl.NewProxyConnection@f4e338]
[18 八月 2016 19:08:40 DEBUG] - ==>  Preparing: INSERT INTO exam(exam_id, exam_name, description, effective_time, duration, question_quantity, question_points, pass_criteria, full_score, creator) VALUES (?, ?, ?, ?, ?, ?, ?, ?, ?, ?) 
[18 八月 2016 19:08:40 DEBUG] - ==> Parameters: E00019(String), Exam name(String), this is test exam(String), 2016-08-18 19:08:00.0(Timestamp), 60(String), 20(String), 5(String), 60(String), 100(String), Glenn.Zheng(String)
log method endcom.augmentum.oes.service.impl.ExamServiceImpl.addExam
[18 八月 2016 19:08:40  INFO] - Glenn.Zheng:ExamService:addExam:0
before method。。。。 
invoke logMethodTime....
[18 八月 2016 19:08:40 DEBUG] - ooo Using Connection [com.mchange.v2.c3p0.impl.NewProxyConnection@981ee3]
[18 八月 2016 19:08:40 DEBUG] - ==>  Preparing: INSERT INTO exam(exam_id, exam_name, description, effective_time, duration, question_quantity, question_points, pass_criteria, full_score, creator) VALUES (?, ?, ?, ?, ?, ?, ?, ?, ?, ?) 
[18 八月 2016 19:08:40 DEBUG] - ==> Parameters: E00020(String), Exam name(String), this is test exam(String), 2016-08-18 19:08:00.0(Timestamp), 60(String), 20(String), 5(String), 60(String), 100(String), Glenn.Zheng(String)
log method endcom.augmentum.oes.service.impl.ExamServiceImpl.addExam
[18 八月 2016 19:08:40  INFO] - Glenn.Zheng:ExamService:addExam:0
before method。。。。 
invoke logMethodTime....
[18 八月 2016 19:08:40 DEBUG] - ooo Using Connection [com.mchange.v2.c3p0.impl.NewProxyConnection@6f75fe]
[18 八月 2016 19:08:40 DEBUG] - ==>  Preparing: INSERT INTO exam(exam_id, exam_name, description, effective_time, duration, question_quantity, question_points, pass_criteria, full_score, creator) VALUES (?, ?, ?, ?, ?, ?, ?, ?, ?, ?) 
[18 八月 2016 19:08:40 DEBUG] - ==> Parameters: E00021(String), Exam name(String), this is test exam(String), 2016-08-18 19:08:00.0(Timestamp), 60(String), 20(String), 5(String), 60(String), 100(String), Glenn.Zheng(String)
log method endcom.augmentum.oes.service.impl.ExamServiceImpl.addExam
[18 八月 2016 19:08:40  INFO] - Glenn.Zheng:ExamService:addExam:0
before method。。。。 
invoke logMethodTime....
[18 八月 2016 19:08:40 DEBUG] - ooo Using Connection [com.mchange.v2.c3p0.impl.NewProxyConnection@1c4526d]
[18 八月 2016 19:08:40 DEBUG] - ==>  Preparing: INSERT INTO exam(exam_id, exam_name, description, effective_time, duration, question_quantity, question_points, pass_criteria, full_score, creator) VALUES (?, ?, ?, ?, ?, ?, ?, ?, ?, ?) 
[18 八月 2016 19:08:40 DEBUG] - ==> Parameters: E00022(String), Exam name(String), this is test exam(String), 2016-08-18 19:08:00.0(Timestamp), 60(String), 20(String), 5(String), 60(String), 100(String), Glenn.Zheng(String)
log method endcom.augmentum.oes.service.impl.ExamServiceImpl.addExam
[18 八月 2016 19:08:40  INFO] - Glenn.Zheng:ExamService:addExam:0
before method。。。。 
invoke logMethodTime....
[18 八月 2016 19:08:40 DEBUG] - ooo Using Connection [com.mchange.v2.c3p0.impl.NewProxyConnection@1744d94]
[18 八月 2016 19:08:40 DEBUG] - ==>  Preparing: INSERT INTO exam(exam_id, exam_name, description, effective_time, duration, question_quantity, question_points, pass_criteria, full_score, creator) VALUES (?, ?, ?, ?, ?, ?, ?, ?, ?, ?) 
[18 八月 2016 19:08:40 DEBUG] - ==> Parameters: E00023(String), Exam name(String), this is test exam(String), 2016-08-18 19:08:00.0(Timestamp), 60(String), 20(String), 5(String), 60(String), 100(String), Glenn.Zheng(String)
log method endcom.augmentum.oes.service.impl.ExamServiceImpl.addExam
[18 八月 2016 19:08:40  INFO] - Glenn.Zheng:ExamService:addExam:0
before method。。。。 
invoke logMethodTime....
[18 八月 2016 19:08:40 DEBUG] - ooo Using Connection [com.mchange.v2.c3p0.impl.NewProxyConnection@13d12bf]
[18 八月 2016 19:08:40 DEBUG] - ==>  Preparing: INSERT INTO exam(exam_id, exam_name, description, effective_time, duration, question_quantity, question_points, pass_criteria, full_score, creator) VALUES (?, ?, ?, ?, ?, ?, ?, ?, ?, ?) 
[18 八月 2016 19:08:40 DEBUG] - ==> Parameters: E00024(String), Exam name(String), this is test exam(String), 2016-08-18 19:08:00.0(Timestamp), 60(String), 20(String), 5(String), 60(String), 100(String), Glenn.Zheng(String)
log method endcom.augmentum.oes.service.impl.ExamServiceImpl.addExam
[18 八月 2016 19:08:40  INFO] - Glenn.Zheng:ExamService:addExam:0
before method。。。。 
invoke logMethodTime....
[18 八月 2016 19:08:40 DEBUG] - ooo Using Connection [com.mchange.v2.c3p0.impl.NewProxyConnection@df9dd7]
[18 八月 2016 19:08:40 DEBUG] - ==>  Preparing: INSERT INTO exam(exam_id, exam_name, description, effective_time, duration, question_quantity, question_points, pass_criteria, full_score, creator) VALUES (?, ?, ?, ?, ?, ?, ?, ?, ?, ?) 
[18 八月 2016 19:08:40 DEBUG] - ==> Parameters: E00025(String), Exam name(String), this is test exam(String), 2016-08-18 19:08:00.0(Timestamp), 60(String), 20(String), 5(String), 60(String), 100(String), Glenn.Zheng(String)
log method endcom.augmentum.oes.service.impl.ExamServiceImpl.addExam
[18 八月 2016 19:08:40  INFO] - Glenn.Zheng:ExamService:addExam:0
before method。。。。 
invoke logMethodTime....
[18 八月 2016 19:08:40 DEBUG] - ooo Using Connection [com.mchange.v2.c3p0.impl.NewProxyConnection@102a9ee]
[18 八月 2016 19:08:40 DEBUG] - ==>  Preparing: INSERT INTO exam(exam_id, exam_name, description, effective_time, duration, question_quantity, question_points, pass_criteria, full_score, creator) VALUES (?, ?, ?, ?, ?, ?, ?, ?, ?, ?) 
[18 八月 2016 19:08:40 DEBUG] - ==> Parameters: E00026(String), Exam name(String), this is test exam(String), 2016-08-18 19:08:00.0(Timestamp), 60(String), 20(String), 5(String), 60(String), 100(String), Glenn.Zheng(String)
log method endcom.augmentum.oes.service.impl.ExamServiceImpl.addExam
[18 八月 2016 19:08:40  INFO] - Glenn.Zheng:ExamService:addExam:0
before method。。。。 
invoke logMethodTime....
[18 八月 2016 19:08:40 DEBUG] - ooo Using Connection [com.mchange.v2.c3p0.impl.NewProxyConnection@1e41d53]
[18 八月 2016 19:08:40 DEBUG] - ==>  Preparing: INSERT INTO exam(exam_id, exam_name, description, effective_time, duration, question_quantity, question_points, pass_criteria, full_score, creator) VALUES (?, ?, ?, ?, ?, ?, ?, ?, ?, ?) 
[18 八月 2016 19:08:40 DEBUG] - ==> Parameters: E00027(String), Exam name(String), this is test exam(String), 2016-08-18 19:08:00.0(Timestamp), 60(String), 20(String), 5(String), 60(String), 100(String), Glenn.Zheng(String)
log method endcom.augmentum.oes.service.impl.ExamServiceImpl.addExam
[18 八月 2016 19:08:40  INFO] - Glenn.Zheng:ExamService:addExam:0
before method。。。。 
invoke logMethodTime....
[18 八月 2016 19:08:40 DEBUG] - ooo Using Connection [com.mchange.v2.c3p0.impl.NewProxyConnection@32d442]
[18 八月 2016 19:08:40 DEBUG] - ==>  Preparing: INSERT INTO exam(exam_id, exam_name, description, effective_time, duration, question_quantity, question_points, pass_criteria, full_score, creator) VALUES (?, ?, ?, ?, ?, ?, ?, ?, ?, ?) 
[18 八月 2016 19:08:40 DEBUG] - ==> Parameters: E00028(String), Exam name(String), this is test exam(String), 2016-08-18 19:08:00.0(Timestamp), 60(String), 20(String), 5(String), 60(String), 100(String), Glenn.Zheng(String)
log method endcom.augmentum.oes.service.impl.ExamServiceImpl.addExam
[18 八月 2016 19:08:40  INFO] - Glenn.Zheng:ExamService:addExam:0
before method。。。。 
invoke logMethodTime....
[18 八月 2016 19:08:40 DEBUG] - ooo Using Connection [com.mchange.v2.c3p0.impl.NewProxyConnection@1d02b85]
[18 八月 2016 19:08:40 DEBUG] - ==>  Preparing: INSERT INTO exam(exam_id, exam_name, description, effective_time, duration, question_quantity, question_points, pass_criteria, full_score, creator) VALUES (?, ?, ?, ?, ?, ?, ?, ?, ?, ?) 
[18 八月 2016 19:08:40 DEBUG] - ==> Parameters: E00029(String), Exam name(String), this is test exam(String), 2016-08-18 19:08:00.0(Timestamp), 60(String), 20(String), 5(String), 60(String), 100(String), Glenn.Zheng(String)
log method endcom.augmentum.oes.service.impl.ExamServiceImpl.addExam
[18 八月 2016 19:08:40  INFO] - Glenn.Zheng:ExamService:addExam:0
before method。。。。 
invoke logMethodTime....
[18 八月 2016 19:08:40 DEBUG] - ooo Using Connection [com.mchange.v2.c3p0.impl.NewProxyConnection@18fe852]
[18 八月 2016 19:08:40 DEBUG] - ==>  Preparing: INSERT INTO exam(exam_id, exam_name, description, effective_time, duration, question_quantity, question_points, pass_criteria, full_score, creator) VALUES (?, ?, ?, ?, ?, ?, ?, ?, ?, ?) 
[18 八月 2016 19:08:40 DEBUG] - ==> Parameters: E00030(String), Exam name(String), this is test exam(String), 2016-08-18 19:08:00.0(Timestamp), 60(String), 20(String), 5(String), 60(String), 100(String), Glenn.Zheng(String)
log method endcom.augmentum.oes.service.impl.ExamServiceImpl.addExam
[18 八月 2016 19:08:40  INFO] - Glenn.Zheng:ExamService:addExam:0
before method。。。。 
invoke logMethodTime....
[18 八月 2016 19:08:40 DEBUG] - ooo Using Connection [com.mchange.v2.c3p0.impl.NewProxyConnection@1a04069]
[18 八月 2016 19:08:40 DEBUG] - ==>  Preparing: INSERT INTO exam(exam_id, exam_name, description, effective_time, duration, question_quantity, question_points, pass_criteria, full_score, creator) VALUES (?, ?, ?, ?, ?, ?, ?, ?, ?, ?) 
[18 八月 2016 19:08:40 DEBUG] - ==> Parameters: E00031(String), Exam name(String), this is test exam(String), 2016-08-18 19:08:00.0(Timestamp), 60(String), 20(String), 5(String), 60(String), 100(String), Glenn.Zheng(String)
log method endcom.augmentum.oes.service.impl.ExamServiceImpl.addExam
[18 八月 2016 19:08:40  INFO] - Glenn.Zheng:ExamService:addExam:0
before method。。。。 
invoke logMethodTime....
[18 八月 2016 19:08:40 DEBUG] - ooo Using Connection [com.mchange.v2.c3p0.impl.NewProxyConnection@1e4f902]
[18 八月 2016 19:08:40 DEBUG] - ==>  Preparing: INSERT INTO exam(exam_id, exam_name, description, effective_time, duration, question_quantity, question_points, pass_criteria, full_score, creator) VALUES (?, ?, ?, ?, ?, ?, ?, ?, ?, ?) 
[18 八月 2016 19:08:40 DEBUG] - ==> Parameters: E00032(String), Exam name(String), this is test exam(String), 2016-08-18 19:08:00.0(Timestamp), 60(String), 20(String), 5(String), 60(String), 100(String), Glenn.Zheng(String)
log method endcom.augmentum.oes.service.impl.ExamServiceImpl.addExam
[18 八月 2016 19:08:40  INFO] - Glenn.Zheng:ExamService:addExam:0
before method。。。。 
invoke logMethodTime....
[18 八月 2016 19:08:40 DEBUG] - ooo Using Connection [com.mchange.v2.c3p0.impl.NewProxyConnection@161257e]
[18 八月 2016 19:08:40 DEBUG] - ==>  Preparing: INSERT INTO exam(exam_id, exam_name, description, effective_time, duration, question_quantity, question_points, pass_criteria, full_score, creator) VALUES (?, ?, ?, ?, ?, ?, ?, ?, ?, ?) 
[18 八月 2016 19:08:40 DEBUG] - ==> Parameters: E00033(String), Exam name(String), this is test exam(String), 2016-08-18 19:08:00.0(Timestamp), 60(String), 20(String), 5(String), 60(String), 100(String), Glenn.Zheng(String)
log method endcom.augmentum.oes.service.impl.ExamServiceImpl.addExam
[18 八月 2016 19:08:40  INFO] - Glenn.Zheng:ExamService:addExam:15
before method。。。。 
invoke logMethodTime....
[18 八月 2016 19:08:40 DEBUG] - ooo Using Connection [com.mchange.v2.c3p0.impl.NewProxyConnection@160af2]
[18 八月 2016 19:08:40 DEBUG] - ==>  Preparing: INSERT INTO exam(exam_id, exam_name, description, effective_time, duration, question_quantity, question_points, pass_criteria, full_score, creator) VALUES (?, ?, ?, ?, ?, ?, ?, ?, ?, ?) 
[18 八月 2016 19:08:40 DEBUG] - ==> Parameters: E00034(String), Exam name(String), this is test exam(String), 2016-08-18 19:08:00.0(Timestamp), 60(String), 20(String), 5(String), 60(String), 100(String), Glenn.Zheng(String)
log method endcom.augmentum.oes.service.impl.ExamServiceImpl.addExam
[18 八月 2016 19:08:40  INFO] - Glenn.Zheng:ExamService:addExam:0
before method。。。。 
invoke logMethodTime....
[18 八月 2016 19:08:40 DEBUG] - ooo Using Connection [com.mchange.v2.c3p0.impl.NewProxyConnection@1ab7871]
[18 八月 2016 19:08:40 DEBUG] - ==>  Preparing: INSERT INTO exam(exam_id, exam_name, description, effective_time, duration, question_quantity, question_points, pass_criteria, full_score, creator) VALUES (?, ?, ?, ?, ?, ?, ?, ?, ?, ?) 
[18 八月 2016 19:08:40 DEBUG] - ==> Parameters: E00035(String), Exam name(String), this is test exam(String), 2016-08-18 19:08:00.0(Timestamp), 60(String), 20(String), 5(String), 60(String), 100(String), Glenn.Zheng(String)
log method endcom.augmentum.oes.service.impl.ExamServiceImpl.addExam
[18 八月 2016 19:08:40  INFO] - Glenn.Zheng:ExamService:addExam:0
before method。。。。 
invoke logMethodTime....
[18 八月 2016 19:08:40 DEBUG] - ooo Using Connection [com.mchange.v2.c3p0.impl.NewProxyConnection@1b68b32]
[18 八月 2016 19:08:40 DEBUG] - ==>  Preparing: INSERT INTO exam(exam_id, exam_name, description, effective_time, duration, question_quantity, question_points, pass_criteria, full_score, creator) VALUES (?, ?, ?, ?, ?, ?, ?, ?, ?, ?) 
[18 八月 2016 19:08:40 DEBUG] - ==> Parameters: E00036(String), Exam name(String), this is test exam(String), 2016-08-18 19:08:00.0(Timestamp), 60(String), 20(String), 5(String), 60(String), 100(String), Glenn.Zheng(String)
log method endcom.augmentum.oes.service.impl.ExamServiceImpl.addExam
[18 八月 2016 19:08:40  INFO] - Glenn.Zheng:ExamService:addExam:16
before method。。。。 
invoke logMethodTime....
[18 八月 2016 19:08:40 DEBUG] - ooo Using Connection [com.mchange.v2.c3p0.impl.NewProxyConnection@1853928]
[18 八月 2016 19:08:40 DEBUG] - ==>  Preparing: INSERT INTO exam(exam_id, exam_name, description, effective_time, duration, question_quantity, question_points, pass_criteria, full_score, creator) VALUES (?, ?, ?, ?, ?, ?, ?, ?, ?, ?) 
[18 八月 2016 19:08:40 DEBUG] - ==> Parameters: E00037(String), Exam name(String), this is test exam(String), 2016-08-18 19:08:00.0(Timestamp), 60(String), 20(String), 5(String), 60(String), 100(String), Glenn.Zheng(String)
log method endcom.augmentum.oes.service.impl.ExamServiceImpl.addExam
[18 八月 2016 19:08:40  INFO] - Glenn.Zheng:ExamService:addExam:0
before method。。。。 
invoke logMethodTime....
[18 八月 2016 19:08:40 DEBUG] - ooo Using Connection [com.mchange.v2.c3p0.impl.NewProxyConnection@1bd13b6]
[18 八月 2016 19:08:40 DEBUG] - ==>  Preparing: INSERT INTO exam(exam_id, exam_name, description, effective_time, duration, question_quantity, question_points, pass_criteria, full_score, creator) VALUES (?, ?, ?, ?, ?, ?, ?, ?, ?, ?) 
[18 八月 2016 19:08:40 DEBUG] - ==> Parameters: E00038(String), Exam name(String), this is test exam(String), 2016-08-18 19:08:00.0(Timestamp), 60(String), 20(String), 5(String), 60(String), 100(String), Glenn.Zheng(String)
log method endcom.augmentum.oes.service.impl.ExamServiceImpl.addExam
[18 八月 2016 19:08:40  INFO] - Glenn.Zheng:ExamService:addExam:0
before method。。。。 
invoke logMethodTime....
[18 八月 2016 19:08:40 DEBUG] - ooo Using Connection [com.mchange.v2.c3p0.impl.NewProxyConnection@63f834]
[18 八月 2016 19:08:40 DEBUG] - ==>  Preparing: INSERT INTO exam(exam_id, exam_name, description, effective_time, duration, question_quantity, question_points, pass_criteria, full_score, creator) VALUES (?, ?, ?, ?, ?, ?, ?, ?, ?, ?) 
[18 八月 2016 19:08:40 DEBUG] - ==> Parameters: E00039(String), Exam name(String), this is test exam(String), 2016-08-18 19:08:00.0(Timestamp), 60(String), 20(String), 5(String), 60(String), 100(String), Glenn.Zheng(String)
log method endcom.augmentum.oes.service.impl.ExamServiceImpl.addExam
[18 八月 2016 19:08:40  INFO] - Glenn.Zheng:ExamService:addExam:16
before method。。。。 
invoke logMethodTime....
[18 八月 2016 19:08:40 DEBUG] - ooo Using Connection [com.mchange.v2.c3p0.impl.NewProxyConnection@769723]
[18 八月 2016 19:08:40 DEBUG] - ==>  Preparing: INSERT INTO exam(exam_id, exam_name, description, effective_time, duration, question_quantity, question_points, pass_criteria, full_score, creator) VALUES (?, ?, ?, ?, ?, ?, ?, ?, ?, ?) 
[18 八月 2016 19:08:40 DEBUG] - ==> Parameters: E00040(String), Exam name(String), this is test exam(String), 2016-08-18 19:08:00.0(Timestamp), 60(String), 20(String), 5(String), 60(String), 100(String), Glenn.Zheng(String)
log method endcom.augmentum.oes.service.impl.ExamServiceImpl.addExam
[18 八月 2016 19:08:40  INFO] - Glenn.Zheng:ExamService:addExam:0
before method。。。。 
invoke logMethodTime....
[18 八月 2016 19:08:40 DEBUG] - ooo Using Connection [com.mchange.v2.c3p0.impl.NewProxyConnection@c5e1cc]
[18 八月 2016 19:08:40 DEBUG] - ==>  Preparing: INSERT INTO exam(exam_id, exam_name, description, effective_time, duration, question_quantity, question_points, pass_criteria, full_score, creator) VALUES (?, ?, ?, ?, ?, ?, ?, ?, ?, ?) 
[18 八月 2016 19:08:40 DEBUG] - ==> Parameters: E00041(String), Exam name(String), this is test exam(String), 2016-08-18 19:08:00.0(Timestamp), 60(String), 20(String), 5(String), 60(String), 100(String), Glenn.Zheng(String)
log method endcom.augmentum.oes.service.impl.ExamServiceImpl.addExam
[18 八月 2016 19:08:40  INFO] - Glenn.Zheng:ExamService:addExam:0
before method。。。。 
invoke logMethodTime....
[18 八月 2016 19:08:40 DEBUG] - ooo Using Connection [com.mchange.v2.c3p0.impl.NewProxyConnection@168438d]
[18 八月 2016 19:08:40 DEBUG] - ==>  Preparing: INSERT INTO exam(exam_id, exam_name, description, effective_time, duration, question_quantity, question_points, pass_criteria, full_score, creator) VALUES (?, ?, ?, ?, ?, ?, ?, ?, ?, ?) 
[18 八月 2016 19:08:40 DEBUG] - ==> Parameters: E00042(String), Exam name(String), this is test exam(String), 2016-08-18 19:08:00.0(Timestamp), 60(String), 20(String), 5(String), 60(String), 100(String), Glenn.Zheng(String)
log method endcom.augmentum.oes.service.impl.ExamServiceImpl.addExam
[18 八月 2016 19:08:40  INFO] - Glenn.Zheng:ExamService:addExam:0
before method。。。。 
invoke logMethodTime....
[18 八月 2016 19:08:40 DEBUG] - ooo Using Connection [com.mchange.v2.c3p0.impl.NewProxyConnection@1c21e9]
[18 八月 2016 19:08:40 DEBUG] - ==>  Preparing: INSERT INTO exam(exam_id, exam_name, description, effective_time, duration, question_quantity, question_points, pass_criteria, full_score, creator) VALUES (?, ?, ?, ?, ?, ?, ?, ?, ?, ?) 
[18 八月 2016 19:08:40 DEBUG] - ==> Parameters: E00043(String), Exam name(String), this is test exam(String), 2016-08-18 19:08:00.0(Timestamp), 60(String), 20(String), 5(String), 60(String), 100(String), Glenn.Zheng(String)
log method endcom.augmentum.oes.service.impl.ExamServiceImpl.addExam
[18 八月 2016 19:08:40  INFO] - Glenn.Zheng:ExamService:addExam:0
before method。。。。 
invoke logMethodTime....
[18 八月 2016 19:08:40 DEBUG] - ooo Using Connection [com.mchange.v2.c3p0.impl.NewProxyConnection@1bd0836]
[18 八月 2016 19:08:40 DEBUG] - ==>  Preparing: INSERT INTO exam(exam_id, exam_name, description, effective_time, duration, question_quantity, question_points, pass_criteria, full_score, creator) VALUES (?, ?, ?, ?, ?, ?, ?, ?, ?, ?) 
[18 八月 2016 19:08:40 DEBUG] - ==> Parameters: E00044(String), Exam name(String), this is test exam(String), 2016-08-18 19:08:00.0(Timestamp), 60(String), 20(String), 5(String), 60(String), 100(String), Glenn.Zheng(String)
log method endcom.augmentum.oes.service.impl.ExamServiceImpl.addExam
[18 八月 2016 19:08:40  INFO] - Glenn.Zheng:ExamService:addExam:0
before method。。。。 
invoke logMethodTime....
[18 八月 2016 19:08:40 DEBUG] - ooo Using Connection [com.mchange.v2.c3p0.impl.NewProxyConnection@6a9a15]
[18 八月 2016 19:08:40 DEBUG] - ==>  Preparing: INSERT INTO exam(exam_id, exam_name, description, effective_time, duration, question_quantity, question_points, pass_criteria, full_score, creator) VALUES (?, ?, ?, ?, ?, ?, ?, ?, ?, ?) 
[18 八月 2016 19:08:40 DEBUG] - ==> Parameters: E00045(String), Exam name(String), this is test exam(String), 2016-08-18 19:08:00.0(Timestamp), 60(String), 20(String), 5(String), 60(String), 100(String), Glenn.Zheng(String)
log method endcom.augmentum.oes.service.impl.ExamServiceImpl.addExam
[18 八月 2016 19:08:40  INFO] - Glenn.Zheng:ExamService:addExam:16
before method。。。。 
invoke logMethodTime....
[18 八月 2016 19:08:40 DEBUG] - ooo Using Connection [com.mchange.v2.c3p0.impl.NewProxyConnection@1bed645]
[18 八月 2016 19:08:40 DEBUG] - ==>  Preparing: INSERT INTO exam(exam_id, exam_name, description, effective_time, duration, question_quantity, question_points, pass_criteria, full_score, creator) VALUES (?, ?, ?, ?, ?, ?, ?, ?, ?, ?) 
[18 八月 2016 19:08:40 DEBUG] - ==> Parameters: E00046(String), Exam name(String), this is test exam(String), 2016-08-18 19:08:00.0(Timestamp), 60(String), 20(String), 5(String), 60(String), 100(String), Glenn.Zheng(String)
log method endcom.augmentum.oes.service.impl.ExamServiceImpl.addExam
[18 八月 2016 19:08:40  INFO] - Glenn.Zheng:ExamService:addExam:0
before method。。。。 
invoke logMethodTime....
[18 八月 2016 19:08:40 DEBUG] - ooo Using Connection [com.mchange.v2.c3p0.impl.NewProxyConnection@146f87a]
[18 八月 2016 19:08:40 DEBUG] - ==>  Preparing: INSERT INTO exam(exam_id, exam_name, description, effective_time, duration, question_quantity, question_points, pass_criteria, full_score, creator) VALUES (?, ?, ?, ?, ?, ?, ?, ?, ?, ?) 
[18 八月 2016 19:08:40 DEBUG] - ==> Parameters: E00047(String), Exam name(String), this is test exam(String), 2016-08-18 19:08:00.0(Timestamp), 60(String), 20(String), 5(String), 60(String), 100(String), Glenn.Zheng(String)
log method endcom.augmentum.oes.service.impl.ExamServiceImpl.addExam
[18 八月 2016 19:08:40  INFO] - Glenn.Zheng:ExamService:addExam:16
before method。。。。 
invoke logMethodTime....
[18 八月 2016 19:08:40 DEBUG] - ooo Using Connection [com.mchange.v2.c3p0.impl.NewProxyConnection@191667e]
[18 八月 2016 19:08:40 DEBUG] - ==>  Preparing: INSERT INTO exam(exam_id, exam_name, description, effective_time, duration, question_quantity, question_points, pass_criteria, full_score, creator) VALUES (?, ?, ?, ?, ?, ?, ?, ?, ?, ?) 
[18 八月 2016 19:08:40 DEBUG] - ==> Parameters: E00048(String), Exam name(String), this is test exam(String), 2016-08-18 19:08:00.0(Timestamp), 60(String), 20(String), 5(String), 60(String), 100(String), Glenn.Zheng(String)
log method endcom.augmentum.oes.service.impl.ExamServiceImpl.addExam
[18 八月 2016 19:08:40  INFO] - Glenn.Zheng:ExamService:addExam:0
before method。。。。 
invoke logMethodTime....
[18 八月 2016 19:08:40 DEBUG] - ooo Using Connection [com.mchange.v2.c3p0.impl.NewProxyConnection@99dd8c]
[18 八月 2016 19:08:40 DEBUG] - ==>  Preparing: INSERT INTO exam(exam_id, exam_name, description, effective_time, duration, question_quantity, question_points, pass_criteria, full_score, creator) VALUES (?, ?, ?, ?, ?, ?, ?, ?, ?, ?) 
[18 八月 2016 19:08:40 DEBUG] - ==> Parameters: E00049(String), Exam name(String), this is test exam(String), 2016-08-18 19:08:00.0(Timestamp), 60(String), 20(String), 5(String), 60(String), 100(String), Glenn.Zheng(String)
log method endcom.augmentum.oes.service.impl.ExamServiceImpl.addExam
[18 八月 2016 19:08:40  INFO] - Glenn.Zheng:ExamService:addExam:0
before method。。。。 
invoke logMethodTime....
[18 八月 2016 19:08:40 DEBUG] - ooo Using Connection [com.mchange.v2.c3p0.impl.NewProxyConnection@f09f02]
[18 八月 2016 19:08:40 DEBUG] - ==>  Preparing: INSERT INTO exam(exam_id, exam_name, description, effective_time, duration, question_quantity, question_points, pass_criteria, full_score, creator) VALUES (?, ?, ?, ?, ?, ?, ?, ?, ?, ?) 
[18 八月 2016 19:08:40 DEBUG] - ==> Parameters: E00050(String), Exam name(String), this is test exam(String), 2016-08-18 19:08:00.0(Timestamp), 60(String), 20(String), 5(String), 60(String), 100(String), Glenn.Zheng(String)
log method endcom.augmentum.oes.service.impl.ExamServiceImpl.addExam
[18 八月 2016 19:08:40  INFO] - Glenn.Zheng:ExamService:addExam:15
before method。。。。 
invoke logMethodTime....
[18 八月 2016 19:08:40 DEBUG] - ooo Using Connection [com.mchange.v2.c3p0.impl.NewProxyConnection@4c5ad3]
[18 八月 2016 19:08:40 DEBUG] - ==>  Preparing: INSERT INTO exam(exam_id, exam_name, description, effective_time, duration, question_quantity, question_points, pass_criteria, full_score, creator) VALUES (?, ?, ?, ?, ?, ?, ?, ?, ?, ?) 
[18 八月 2016 19:08:40 DEBUG] - ==> Parameters: E00051(String), Exam name(String), this is test exam(String), 2016-08-18 19:08:00.0(Timestamp), 60(String), 20(String), 5(String), 60(String), 100(String), Glenn.Zheng(String)
log method endcom.augmentum.oes.service.impl.ExamServiceImpl.addExam
[18 八月 2016 19:08:40  INFO] - Glenn.Zheng:ExamService:addExam:0
before method。。。。 
invoke logMethodTime....
[18 八月 2016 19:08:40 DEBUG] - ooo Using Connection [com.mchange.v2.c3p0.impl.NewProxyConnection@cf8cae]
[18 八月 2016 19:08:40 DEBUG] - ==>  Preparing: INSERT INTO exam(exam_id, exam_name, description, effective_time, duration, question_quantity, question_points, pass_criteria, full_score, creator) VALUES (?, ?, ?, ?, ?, ?, ?, ?, ?, ?) 
[18 八月 2016 19:08:40 DEBUG] - ==> Parameters: E00052(String), Exam name(String), this is test exam(String), 2016-08-18 19:08:00.0(Timestamp), 60(String), 20(String), 5(String), 60(String), 100(String), Glenn.Zheng(String)
log method endcom.augmentum.oes.service.impl.ExamServiceImpl.addExam
[18 八月 2016 19:08:40  INFO] - Glenn.Zheng:ExamService:addExam:0
before method。。。。 
invoke logMethodTime....
[18 八月 2016 19:08:40 DEBUG] - ooo Using Connection [com.mchange.v2.c3p0.impl.NewProxyConnection@decb41]
[18 八月 2016 19:08:40 DEBUG] - ==>  Preparing: INSERT INTO exam(exam_id, exam_name, description, effective_time, duration, question_quantity, question_points, pass_criteria, full_score, creator) VALUES (?, ?, ?, ?, ?, ?, ?, ?, ?, ?) 
[18 八月 2016 19:08:40 DEBUG] - ==> Parameters: E00053(String), Exam name(String), this is test exam(String), 2016-08-18 19:08:00.0(Timestamp), 60(String), 20(String), 5(String), 60(String), 100(String), Glenn.Zheng(String)
log method endcom.augmentum.oes.service.impl.ExamServiceImpl.addExam
[18 八月 2016 19:08:40  INFO] - Glenn.Zheng:ExamService:addExam:0
before method。。。。 
invoke logMethodTime....
[18 八月 2016 19:08:40 DEBUG] - ooo Using Connection [com.mchange.v2.c3p0.impl.NewProxyConnection@bb132e]
[18 八月 2016 19:08:40 DEBUG] - ==>  Preparing: INSERT INTO exam(exam_id, exam_name, description, effective_time, duration, question_quantity, question_points, pass_criteria, full_score, creator) VALUES (?, ?, ?, ?, ?, ?, ?, ?, ?, ?) 
[18 八月 2016 19:08:40 DEBUG] - ==> Parameters: E00054(String), Exam name(String), this is test exam(String), 2016-08-18 19:08:00.0(Timestamp), 60(String), 20(String), 5(String), 60(String), 100(String), Glenn.Zheng(String)
log method endcom.augmentum.oes.service.impl.ExamServiceImpl.addExam
[18 八月 2016 19:08:40  INFO] - Glenn.Zheng:ExamService:addExam:0
before method。。。。 
invoke logMethodTime....
[18 八月 2016 19:08:40 DEBUG] - ooo Using Connection [com.mchange.v2.c3p0.impl.NewProxyConnection@1836420]
[18 八月 2016 19:08:40 DEBUG] - ==>  Preparing: INSERT INTO exam(exam_id, exam_name, description, effective_time, duration, question_quantity, question_points, pass_criteria, full_score, creator) VALUES (?, ?, ?, ?, ?, ?, ?, ?, ?, ?) 
[18 八月 2016 19:08:40 DEBUG] - ==> Parameters: E00055(String), Exam name(String), this is test exam(String), 2016-08-18 19:08:00.0(Timestamp), 60(String), 20(String), 5(String), 60(String), 100(String), Glenn.Zheng(String)
log method endcom.augmentum.oes.service.impl.ExamServiceImpl.addExam
[18 八月 2016 19:08:40  INFO] - Glenn.Zheng:ExamService:addExam:15
before method。。。。 
invoke logMethodTime....
[18 八月 2016 19:08:40 DEBUG] - ooo Using Connection [com.mchange.v2.c3p0.impl.NewProxyConnection@c39ab6]
[18 八月 2016 19:08:40 DEBUG] - ==>  Preparing: INSERT INTO exam(exam_id, exam_name, description, effective_time, duration, question_quantity, question_points, pass_criteria, full_score, creator) VALUES (?, ?, ?, ?, ?, ?, ?, ?, ?, ?) 
[18 八月 2016 19:08:40 DEBUG] - ==> Parameters: E00056(String), Exam name(String), this is test exam(String), 2016-08-18 19:08:00.0(Timestamp), 60(String), 20(String), 5(String), 60(String), 100(String), Glenn.Zheng(String)
log method endcom.augmentum.oes.service.impl.ExamServiceImpl.addExam
[18 八月 2016 19:08:40  INFO] - Glenn.Zheng:ExamService:addExam:0
before method。。。。 
invoke logMethodTime....
[18 八月 2016 19:08:40 DEBUG] - ooo Using Connection [com.mchange.v2.c3p0.impl.NewProxyConnection@1703b95]
[18 八月 2016 19:08:40 DEBUG] - ==>  Preparing: INSERT INTO exam(exam_id, exam_name, description, effective_time, duration, question_quantity, question_points, pass_criteria, full_score, creator) VALUES (?, ?, ?, ?, ?, ?, ?, ?, ?, ?) 
[18 八月 2016 19:08:40 DEBUG] - ==> Parameters: E00057(String), Exam name(String), this is test exam(String), 2016-08-18 19:08:00.0(Timestamp), 60(String), 20(String), 5(String), 60(String), 100(String), Glenn.Zheng(String)
log method endcom.augmentum.oes.service.impl.ExamServiceImpl.addExam
[18 八月 2016 19:08:40  INFO] - Glenn.Zheng:ExamService:addExam:0
before method。。。。 
invoke logMethodTime....
[18 八月 2016 19:08:40 DEBUG] - ooo Using Connection [com.mchange.v2.c3p0.impl.NewProxyConnection@a9820]
[18 八月 2016 19:08:40 DEBUG] - ==>  Preparing: INSERT INTO exam(exam_id, exam_name, description, effective_time, duration, question_quantity, question_points, pass_criteria, full_score, creator) VALUES (?, ?, ?, ?, ?, ?, ?, ?, ?, ?) 
[18 八月 2016 19:08:40 DEBUG] - ==> Parameters: E00058(String), Exam name(String), this is test exam(String), 2016-08-18 19:08:00.0(Timestamp), 60(String), 20(String), 5(String), 60(String), 100(String), Glenn.Zheng(String)
log method endcom.augmentum.oes.service.impl.ExamServiceImpl.addExam
[18 八月 2016 19:08:40  INFO] - Glenn.Zheng:ExamService:addExam:16
before method。。。。 
invoke logMethodTime....
[18 八月 2016 19:08:40 DEBUG] - ooo Using Connection [com.mchange.v2.c3p0.impl.NewProxyConnection@1372706]
[18 八月 2016 19:08:40 DEBUG] - ==>  Preparing: INSERT INTO exam(exam_id, exam_name, description, effective_time, duration, question_quantity, question_points, pass_criteria, full_score, creator) VALUES (?, ?, ?, ?, ?, ?, ?, ?, ?, ?) 
[18 八月 2016 19:08:40 DEBUG] - ==> Parameters: E00059(String), Exam name(String), this is test exam(String), 2016-08-18 19:08:00.0(Timestamp), 60(String), 20(String), 5(String), 60(String), 100(String), Glenn.Zheng(String)
log method endcom.augmentum.oes.service.impl.ExamServiceImpl.addExam
[18 八月 2016 19:08:40  INFO] - Glenn.Zheng:ExamService:addExam:0
before method。。。。 
invoke logMethodTime....
[18 八月 2016 19:08:40 DEBUG] - ooo Using Connection [com.mchange.v2.c3p0.impl.NewProxyConnection@26e41a]
[18 八月 2016 19:08:40 DEBUG] - ==>  Preparing: INSERT INTO exam(exam_id, exam_name, description, effective_time, duration, question_quantity, question_points, pass_criteria, full_score, creator) VALUES (?, ?, ?, ?, ?, ?, ?, ?, ?, ?) 
[18 八月 2016 19:08:40 DEBUG] - ==> Parameters: E00060(String), Exam name(String), this is test exam(String), 2016-08-18 19:08:00.0(Timestamp), 60(String), 20(String), 5(String), 60(String), 100(String), Glenn.Zheng(String)
log method endcom.augmentum.oes.service.impl.ExamServiceImpl.addExam
[18 八月 2016 19:08:40  INFO] - Glenn.Zheng:ExamService:addExam:0
before method。。。。 
invoke logMethodTime....
[18 八月 2016 19:08:40 DEBUG] - ooo Using Connection [com.mchange.v2.c3p0.impl.NewProxyConnection@18751ff]
[18 八月 2016 19:08:40 DEBUG] - ==>  Preparing: INSERT INTO exam(exam_id, exam_name, description, effective_time, duration, question_quantity, question_points, pass_criteria, full_score, creator) VALUES (?, ?, ?, ?, ?, ?, ?, ?, ?, ?) 
[18 八月 2016 19:08:40 DEBUG] - ==> Parameters: E00061(String), Exam name(String), this is test exam(String), 2016-08-18 19:08:00.0(Timestamp), 60(String), 20(String), 5(String), 60(String), 100(String), Glenn.Zheng(String)
log method endcom.augmentum.oes.service.impl.ExamServiceImpl.addExam
[18 八月 2016 19:08:40  INFO] - Glenn.Zheng:ExamService:addExam:0
before method。。。。 
invoke logMethodTime....
[18 八月 2016 19:08:40 DEBUG] - ooo Using Connection [com.mchange.v2.c3p0.impl.NewProxyConnection@1a62b79]
[18 八月 2016 19:08:40 DEBUG] - ==>  Preparing: INSERT INTO exam(exam_id, exam_name, description, effective_time, duration, question_quantity, question_points, pass_criteria, full_score, creator) VALUES (?, ?, ?, ?, ?, ?, ?, ?, ?, ?) 
[18 八月 2016 19:08:40 DEBUG] - ==> Parameters: E00062(String), Exam name(String), this is test exam(String), 2016-08-18 19:08:00.0(Timestamp), 60(String), 20(String), 5(String), 60(String), 100(String), Glenn.Zheng(String)
log method endcom.augmentum.oes.service.impl.ExamServiceImpl.addExam
[18 八月 2016 19:08:40  INFO] - Glenn.Zheng:ExamService:addExam:0
before method。。。。 
invoke logMethodTime....
[18 八月 2016 19:08:40 DEBUG] - ooo Using Connection [com.mchange.v2.c3p0.impl.NewProxyConnection@1f408c4]
[18 八月 2016 19:08:40 DEBUG] - ==>  Preparing: INSERT INTO exam(exam_id, exam_name, description, effective_time, duration, question_quantity, question_points, pass_criteria, full_score, creator) VALUES (?, ?, ?, ?, ?, ?, ?, ?, ?, ?) 
[18 八月 2016 19:08:40 DEBUG] - ==> Parameters: E00063(String), Exam name(String), this is test exam(String), 2016-08-18 19:08:00.0(Timestamp), 60(String), 20(String), 5(String), 60(String), 100(String), Glenn.Zheng(String)
log method endcom.augmentum.oes.service.impl.ExamServiceImpl.addExam
[18 八月 2016 19:08:40  INFO] - Glenn.Zheng:ExamService:addExam:0
before method。。。。 
invoke logMethodTime....
[18 八月 2016 19:08:40 DEBUG] - ooo Using Connection [com.mchange.v2.c3p0.impl.NewProxyConnection@170e0e9]
[18 八月 2016 19:08:40 DEBUG] - ==>  Preparing: INSERT INTO exam(exam_id, exam_name, description, effective_time, duration, question_quantity, question_points, pass_criteria, full_score, creator) VALUES (?, ?, ?, ?, ?, ?, ?, ?, ?, ?) 
[18 八月 2016 19:08:40 DEBUG] - ==> Parameters: E00064(String), Exam name(String), this is test exam(String), 2016-08-18 19:08:00.0(Timestamp), 60(String), 20(String), 5(String), 60(String), 100(String), Glenn.Zheng(String)
log method endcom.augmentum.oes.service.impl.ExamServiceImpl.addExam
[18 八月 2016 19:08:40  INFO] - Glenn.Zheng:ExamService:addExam:0
before method。。。。 
invoke logMethodTime....
[18 八月 2016 19:08:40 DEBUG] - ooo Using Connection [com.mchange.v2.c3p0.impl.NewProxyConnection@14878d]
[18 八月 2016 19:08:40 DEBUG] - ==>  Preparing: INSERT INTO exam(exam_id, exam_name, description, effective_time, duration, question_quantity, question_points, pass_criteria, full_score, creator) VALUES (?, ?, ?, ?, ?, ?, ?, ?, ?, ?) 
[18 八月 2016 19:08:40 DEBUG] - ==> Parameters: E00065(String), Exam name(String), this is test exam(String), 2016-08-18 19:08:00.0(Timestamp), 60(String), 20(String), 5(String), 60(String), 100(String), Glenn.Zheng(String)
log method endcom.augmentum.oes.service.impl.ExamServiceImpl.addExam
[18 八月 2016 19:08:40  INFO] - Glenn.Zheng:ExamService:addExam:0
before method。。。。 
invoke logMethodTime....
[18 八月 2016 19:08:40 DEBUG] - ooo Using Connection [com.mchange.v2.c3p0.impl.NewProxyConnection@121b9ea]
[18 八月 2016 19:08:40 DEBUG] - ==>  Preparing: INSERT INTO exam(exam_id, exam_name, description, effective_time, duration, question_quantity, question_points, pass_criteria, full_score, creator) VALUES (?, ?, ?, ?, ?, ?, ?, ?, ?, ?) 
[18 八月 2016 19:08:40 DEBUG] - ==> Parameters: E00066(String), Exam name(String), this is test exam(String), 2016-08-18 19:08:00.0(Timestamp), 60(String), 20(String), 5(String), 60(String), 100(String), Glenn.Zheng(String)
log method endcom.augmentum.oes.service.impl.ExamServiceImpl.addExam
[18 八月 2016 19:08:40  INFO] - Glenn.Zheng:ExamService:addExam:0
before method。。。。 
invoke logMethodTime....
[18 八月 2016 19:08:40 DEBUG] - ooo Using Connection [com.mchange.v2.c3p0.impl.NewProxyConnection@7ae29e]
[18 八月 2016 19:08:40 DEBUG] - ==>  Preparing: INSERT INTO exam(exam_id, exam_name, description, effective_time, duration, question_quantity, question_points, pass_criteria, full_score, creator) VALUES (?, ?, ?, ?, ?, ?, ?, ?, ?, ?) 
[18 八月 2016 19:08:40 DEBUG] - ==> Parameters: E00067(String), Exam name(String), this is test exam(String), 2016-08-18 19:08:00.0(Timestamp), 60(String), 20(String), 5(String), 60(String), 100(String), Glenn.Zheng(String)
log method endcom.augmentum.oes.service.impl.ExamServiceImpl.addExam
[18 八月 2016 19:08:40  INFO] - Glenn.Zheng:ExamService:addExam:0
before method。。。。 
invoke logMethodTime....
[18 八月 2016 19:08:40 DEBUG] - ooo Using Connection [com.mchange.v2.c3p0.impl.NewProxyConnection@1c72ddf]
[18 八月 2016 19:08:40 DEBUG] - ==>  Preparing: INSERT INTO exam(exam_id, exam_name, description, effective_time, duration, question_quantity, question_points, pass_criteria, full_score, creator) VALUES (?, ?, ?, ?, ?, ?, ?, ?, ?, ?) 
[18 八月 2016 19:08:40 DEBUG] - ==> Parameters: E00068(String), Exam name(String), this is test exam(String), 2016-08-18 19:08:00.0(Timestamp), 60(String), 20(String), 5(String), 60(String), 100(String), Glenn.Zheng(String)
log method endcom.augmentum.oes.service.impl.ExamServiceImpl.addExam
[18 八月 2016 19:08:40  INFO] - Glenn.Zheng:ExamService:addExam:16
before method。。。。 
invoke logMethodTime....
[18 八月 2016 19:08:40 DEBUG] - ooo Using Connection [com.mchange.v2.c3p0.impl.NewProxyConnection@1dcdd6e]
[18 八月 2016 19:08:40 DEBUG] - ==>  Preparing: INSERT INTO exam(exam_id, exam_name, description, effective_time, duration, question_quantity, question_points, pass_criteria, full_score, creator) VALUES (?, ?, ?, ?, ?, ?, ?, ?, ?, ?) 
[18 八月 2016 19:08:40 DEBUG] - ==> Parameters: E00069(String), Exam name(String), this is test exam(String), 2016-08-18 19:08:00.0(Timestamp), 60(String), 20(String), 5(String), 60(String), 100(String), Glenn.Zheng(String)
log method endcom.augmentum.oes.service.impl.ExamServiceImpl.addExam
[18 八月 2016 19:08:40  INFO] - Glenn.Zheng:ExamService:addExam:0
before method。。。。 
invoke logMethodTime....
[18 八月 2016 19:08:40 DEBUG] - ooo Using Connection [com.mchange.v2.c3p0.impl.NewProxyConnection@9ebc45]
[18 八月 2016 19:08:40 DEBUG] - ==>  Preparing: INSERT INTO exam(exam_id, exam_name, description, effective_time, duration, question_quantity, question_points, pass_criteria, full_score, creator) VALUES (?, ?, ?, ?, ?, ?, ?, ?, ?, ?) 
[18 八月 2016 19:08:40 DEBUG] - ==> Parameters: E00070(String), Exam name(String), this is test exam(String), 2016-08-18 19:08:00.0(Timestamp), 60(String), 20(String), 5(String), 60(String), 100(String), Glenn.Zheng(String)
log method endcom.augmentum.oes.service.impl.ExamServiceImpl.addExam
[18 八月 2016 19:08:40  INFO] - Glenn.Zheng:ExamService:addExam:0
before method。。。。 
invoke logMethodTime....
[18 八月 2016 19:08:40 DEBUG] - ooo Using Connection [com.mchange.v2.c3p0.impl.NewProxyConnection@1ace85]
[18 八月 2016 19:08:40 DEBUG] - ==>  Preparing: INSERT INTO exam(exam_id, exam_name, description, effective_time, duration, question_quantity, question_points, pass_criteria, full_score, creator) VALUES (?, ?, ?, ?, ?, ?, ?, ?, ?, ?) 
[18 八月 2016 19:08:40 DEBUG] - ==> Parameters: E00071(String), Exam name(String), this is test exam(String), 2016-08-18 19:08:00.0(Timestamp), 60(String), 20(String), 5(String), 60(String), 100(String), Glenn.Zheng(String)
log method endcom.augmentum.oes.service.impl.ExamServiceImpl.addExam
[18 八月 2016 19:08:40  INFO] - Glenn.Zheng:ExamService:addExam:16
before method。。。。 
invoke logMethodTime....
[18 八月 2016 19:08:40 DEBUG] - ooo Using Connection [com.mchange.v2.c3p0.impl.NewProxyConnection@7bc185]
[18 八月 2016 19:08:40 DEBUG] - ==>  Preparing: INSERT INTO exam(exam_id, exam_name, description, effective_time, duration, question_quantity, question_points, pass_criteria, full_score, creator) VALUES (?, ?, ?, ?, ?, ?, ?, ?, ?, ?) 
[18 八月 2016 19:08:40 DEBUG] - ==> Parameters: E00072(String), Exam name(String), this is test exam(String), 2016-08-18 19:08:00.0(Timestamp), 60(String), 20(String), 5(String), 60(String), 100(String), Glenn.Zheng(String)
log method endcom.augmentum.oes.service.impl.ExamServiceImpl.addExam
[18 八月 2016 19:08:40  INFO] - Glenn.Zheng:ExamService:addExam:0
before method。。。。 
invoke logMethodTime....
[18 八月 2016 19:08:40 DEBUG] - ooo Using Connection [com.mchange.v2.c3p0.impl.NewProxyConnection@8809aa]
[18 八月 2016 19:08:40 DEBUG] - ==>  Preparing: INSERT INTO exam(exam_id, exam_name, description, effective_time, duration, question_quantity, question_points, pass_criteria, full_score, creator) VALUES (?, ?, ?, ?, ?, ?, ?, ?, ?, ?) 
[18 八月 2016 19:08:40 DEBUG] - ==> Parameters: E00073(String), Exam name(String), this is test exam(String), 2016-08-18 19:08:00.0(Timestamp), 60(String), 20(String), 5(String), 60(String), 100(String), Glenn.Zheng(String)
log method endcom.augmentum.oes.service.impl.ExamServiceImpl.addExam
[18 八月 2016 19:08:40  INFO] - Glenn.Zheng:ExamService:addExam:0
before method。。。。 
invoke logMethodTime....
[18 八月 2016 19:08:40 DEBUG] - ooo Using Connection [com.mchange.v2.c3p0.impl.NewProxyConnection@55702e]
[18 八月 2016 19:08:40 DEBUG] - ==>  Preparing: INSERT INTO exam(exam_id, exam_name, description, effective_time, duration, question_quantity, question_points, pass_criteria, full_score, creator) VALUES (?, ?, ?, ?, ?, ?, ?, ?, ?, ?) 
[18 八月 2016 19:08:40 DEBUG] - ==> Parameters: E00074(String), Exam name(String), this is test exam(String), 2016-08-18 19:08:00.0(Timestamp), 60(String), 20(String), 5(String), 60(String), 100(String), Glenn.Zheng(String)
log method endcom.augmentum.oes.service.impl.ExamServiceImpl.addExam
[18 八月 2016 19:08:40  INFO] - Glenn.Zheng:ExamService:addExam:0
before method。。。。 
invoke logMethodTime....
[18 八月 2016 19:08:40 DEBUG] - ooo Using Connection [com.mchange.v2.c3p0.impl.NewProxyConnection@4a73cb]
[18 八月 2016 19:08:40 DEBUG] - ==>  Preparing: INSERT INTO exam(exam_id, exam_name, description, effective_time, duration, question_quantity, question_points, pass_criteria, full_score, creator) VALUES (?, ?, ?, ?, ?, ?, ?, ?, ?, ?) 
[18 八月 2016 19:08:40 DEBUG] - ==> Parameters: E00075(String), Exam name(String), this is test exam(String), 2016-08-18 19:08:00.0(Timestamp), 60(String), 20(String), 5(String), 60(String), 100(String), Glenn.Zheng(String)
log method endcom.augmentum.oes.service.impl.ExamServiceImpl.addExam
[18 八月 2016 19:08:40  INFO] - Glenn.Zheng:ExamService:addExam:0
before method。。。。 
invoke logMethodTime....
[18 八月 2016 19:08:40 DEBUG] - ooo Using Connection [com.mchange.v2.c3p0.impl.NewProxyConnection@a639e9]
[18 八月 2016 19:08:40 DEBUG] - ==>  Preparing: INSERT INTO exam(exam_id, exam_name, description, effective_time, duration, question_quantity, question_points, pass_criteria, full_score, creator) VALUES (?, ?, ?, ?, ?, ?, ?, ?, ?, ?) 
[18 八月 2016 19:08:40 DEBUG] - ==> Parameters: E00076(String), Exam name(String), this is test exam(String), 2016-08-18 19:08:00.0(Timestamp), 60(String), 20(String), 5(String), 60(String), 100(String), Glenn.Zheng(String)
log method endcom.augmentum.oes.service.impl.ExamServiceImpl.addExam
[18 八月 2016 19:08:40  INFO] - Glenn.Zheng:ExamService:addExam:0
before method。。。。 
invoke logMethodTime....
[18 八月 2016 19:08:40 DEBUG] - ooo Using Connection [com.mchange.v2.c3p0.impl.NewProxyConnection@108993a]
[18 八月 2016 19:08:40 DEBUG] - ==>  Preparing: INSERT INTO exam(exam_id, exam_name, description, effective_time, duration, question_quantity, question_points, pass_criteria, full_score, creator) VALUES (?, ?, ?, ?, ?, ?, ?, ?, ?, ?) 
[18 八月 2016 19:08:40 DEBUG] - ==> Parameters: E00077(String), Exam name(String), this is test exam(String), 2016-08-18 19:08:00.0(Timestamp), 60(String), 20(String), 5(String), 60(String), 100(String), Glenn.Zheng(String)
log method endcom.augmentum.oes.service.impl.ExamServiceImpl.addExam
[18 八月 2016 19:08:40  INFO] - Glenn.Zheng:ExamService:addExam:0
before method。。。。 
invoke logMethodTime....
[18 八月 2016 19:08:40 DEBUG] - ooo Using Connection [com.mchange.v2.c3p0.impl.NewProxyConnection@188024d]
[18 八月 2016 19:08:40 DEBUG] - ==>  Preparing: INSERT INTO exam(exam_id, exam_name, description, effective_time, duration, question_quantity, question_points, pass_criteria, full_score, creator) VALUES (?, ?, ?, ?, ?, ?, ?, ?, ?, ?) 
[18 八月 2016 19:08:40 DEBUG] - ==> Parameters: E00078(String), Exam name(String), this is test exam(String), 2016-08-18 19:08:00.0(Timestamp), 60(String), 20(String), 5(String), 60(String), 100(String), Glenn.Zheng(String)
log method endcom.augmentum.oes.service.impl.ExamServiceImpl.addExam
[18 八月 2016 19:08:40  INFO] - Glenn.Zheng:ExamService:addExam:0
before method。。。。 
invoke logMethodTime....
[18 八月 2016 19:08:40 DEBUG] - ooo Using Connection [com.mchange.v2.c3p0.impl.NewProxyConnection@a79a7b]
[18 八月 2016 19:08:40 DEBUG] - ==>  Preparing: INSERT INTO exam(exam_id, exam_name, description, effective_time, duration, question_quantity, question_points, pass_criteria, full_score, creator) VALUES (?, ?, ?, ?, ?, ?, ?, ?, ?, ?) 
[18 八月 2016 19:08:40 DEBUG] - ==> Parameters: E00079(String), Exam name(String), this is test exam(String), 2016-08-18 19:08:00.0(Timestamp), 60(String), 20(String), 5(String), 60(String), 100(String), Glenn.Zheng(String)
log method endcom.augmentum.oes.service.impl.ExamServiceImpl.addExam
[18 八月 2016 19:08:40  INFO] - Glenn.Zheng:ExamService:addExam:0
before method。。。。 
invoke logMethodTime....
[18 八月 2016 19:08:40 DEBUG] - ooo Using Connection [com.mchange.v2.c3p0.impl.NewProxyConnection@2e6f02]
[18 八月 2016 19:08:40 DEBUG] - ==>  Preparing: INSERT INTO exam(exam_id, exam_name, description, effective_time, duration, question_quantity, question_points, pass_criteria, full_score, creator) VALUES (?, ?, ?, ?, ?, ?, ?, ?, ?, ?) 
[18 八月 2016 19:08:40 DEBUG] - ==> Parameters: E00080(String), Exam name(String), this is test exam(String), 2016-08-18 19:08:00.0(Timestamp), 60(String), 20(String), 5(String), 60(String), 100(String), Glenn.Zheng(String)
log method endcom.augmentum.oes.service.impl.ExamServiceImpl.addExam
[18 八月 2016 19:08:40  INFO] - Glenn.Zheng:ExamService:addExam:0
before method。。。。 
invoke logMethodTime....
[18 八月 2016 19:08:40 DEBUG] - ooo Using Connection [com.mchange.v2.c3p0.impl.NewProxyConnection@12aea81]
[18 八月 2016 19:08:40 DEBUG] - ==>  Preparing: INSERT INTO exam(exam_id, exam_name, description, effective_time, duration, question_quantity, question_points, pass_criteria, full_score, creator) VALUES (?, ?, ?, ?, ?, ?, ?, ?, ?, ?) 
[18 八月 2016 19:08:40 DEBUG] - ==> Parameters: E00081(String), Exam name(String), this is test exam(String), 2016-08-18 19:08:00.0(Timestamp), 60(String), 20(String), 5(String), 60(String), 100(String), Glenn.Zheng(String)
log method endcom.augmentum.oes.service.impl.ExamServiceImpl.addExam
[18 八月 2016 19:08:40  INFO] - Glenn.Zheng:ExamService:addExam:0
before method。。。。 
invoke logMethodTime....
[18 八月 2016 19:08:40 DEBUG] - ooo Using Connection [com.mchange.v2.c3p0.impl.NewProxyConnection@ba95be]
[18 八月 2016 19:08:40 DEBUG] - ==>  Preparing: INSERT INTO exam(exam_id, exam_name, description, effective_time, duration, question_quantity, question_points, pass_criteria, full_score, creator) VALUES (?, ?, ?, ?, ?, ?, ?, ?, ?, ?) 
[18 八月 2016 19:08:40 DEBUG] - ==> Parameters: E00082(String), Exam name(String), this is test exam(String), 2016-08-18 19:08:00.0(Timestamp), 60(String), 20(String), 5(String), 60(String), 100(String), Glenn.Zheng(String)
log method endcom.augmentum.oes.service.impl.ExamServiceImpl.addExam
[18 八月 2016 19:08:40  INFO] - Glenn.Zheng:ExamService:addExam:0
before method。。。。 
invoke logMethodTime....
[18 八月 2016 19:08:40 DEBUG] - ooo Using Connection [com.mchange.v2.c3p0.impl.NewProxyConnection@19cee2a]
[18 八月 2016 19:08:40 DEBUG] - ==>  Preparing: INSERT INTO exam(exam_id, exam_name, description, effective_time, duration, question_quantity, question_points, pass_criteria, full_score, creator) VALUES (?, ?, ?, ?, ?, ?, ?, ?, ?, ?) 
[18 八月 2016 19:08:40 DEBUG] - ==> Parameters: E00083(String), Exam name(String), this is test exam(String), 2016-08-18 19:08:00.0(Timestamp), 60(String), 20(String), 5(String), 60(String), 100(String), Glenn.Zheng(String)
log method endcom.augmentum.oes.service.impl.ExamServiceImpl.addExam
[18 八月 2016 19:08:40  INFO] - Glenn.Zheng:ExamService:addExam:16
before method。。。。 
invoke logMethodTime....
[18 八月 2016 19:08:40 DEBUG] - ooo Using Connection [com.mchange.v2.c3p0.impl.NewProxyConnection@1b98284]
[18 八月 2016 19:08:40 DEBUG] - ==>  Preparing: INSERT INTO exam(exam_id, exam_name, description, effective_time, duration, question_quantity, question_points, pass_criteria, full_score, creator) VALUES (?, ?, ?, ?, ?, ?, ?, ?, ?, ?) 
[18 八月 2016 19:08:40 DEBUG] - ==> Parameters: E00084(String), Exam name(String), this is test exam(String), 2016-08-18 19:08:00.0(Timestamp), 60(String), 20(String), 5(String), 60(String), 100(String), Glenn.Zheng(String)
log method endcom.augmentum.oes.service.impl.ExamServiceImpl.addExam
[18 八月 2016 19:08:40  INFO] - Glenn.Zheng:ExamService:addExam:0
before method。。。。 
invoke logMethodTime....
[18 八月 2016 19:08:40 DEBUG] - ooo Using Connection [com.mchange.v2.c3p0.impl.NewProxyConnection@5ab8a7]
[18 八月 2016 19:08:40 DEBUG] - ==>  Preparing: INSERT INTO exam(exam_id, exam_name, description, effective_time, duration, question_quantity, question_points, pass_criteria, full_score, creator) VALUES (?, ?, ?, ?, ?, ?, ?, ?, ?, ?) 
[18 八月 2016 19:08:40 DEBUG] - ==> Parameters: E00085(String), Exam name(String), this is test exam(String), 2016-08-18 19:08:00.0(Timestamp), 60(String), 20(String), 5(String), 60(String), 100(String), Glenn.Zheng(String)
log method endcom.augmentum.oes.service.impl.ExamServiceImpl.addExam
[18 八月 2016 19:08:40  INFO] - Glenn.Zheng:ExamService:addExam:0
before method。。。。 
invoke logMethodTime....
[18 八月 2016 19:08:40 DEBUG] - ooo Using Connection [com.mchange.v2.c3p0.impl.NewProxyConnection@230076]
[18 八月 2016 19:08:40 DEBUG] - ==>  Preparing: INSERT INTO exam(exam_id, exam_name, description, effective_time, duration, question_quantity, question_points, pass_criteria, full_score, creator) VALUES (?, ?, ?, ?, ?, ?, ?, ?, ?, ?) 
[18 八月 2016 19:08:40 DEBUG] - ==> Parameters: E00086(String), Exam name(String), this is test exam(String), 2016-08-18 19:08:00.0(Timestamp), 60(String), 20(String), 5(String), 60(String), 100(String), Glenn.Zheng(String)
log method endcom.augmentum.oes.service.impl.ExamServiceImpl.addExam
[18 八月 2016 19:08:40  INFO] - Glenn.Zheng:ExamService:addExam:16
before method。。。。 
invoke logMethodTime....
[18 八月 2016 19:08:40 DEBUG] - ooo Using Connection [com.mchange.v2.c3p0.impl.NewProxyConnection@1d277b8]
[18 八月 2016 19:08:40 DEBUG] - ==>  Preparing: INSERT INTO exam(exam_id, exam_name, description, effective_time, duration, question_quantity, question_points, pass_criteria, full_score, creator) VALUES (?, ?, ?, ?, ?, ?, ?, ?, ?, ?) 
[18 八月 2016 19:08:40 DEBUG] - ==> Parameters: E00087(String), Exam name(String), this is test exam(String), 2016-08-18 19:08:00.0(Timestamp), 60(String), 20(String), 5(String), 60(String), 100(String), Glenn.Zheng(String)
log method endcom.augmentum.oes.service.impl.ExamServiceImpl.addExam
[18 八月 2016 19:08:40  INFO] - Glenn.Zheng:ExamService:addExam:0
before method。。。。 
invoke logMethodTime....
[18 八月 2016 19:08:40 DEBUG] - ooo Using Connection [com.mchange.v2.c3p0.impl.NewProxyConnection@87d06c]
[18 八月 2016 19:08:40 DEBUG] - ==>  Preparing: INSERT INTO exam(exam_id, exam_name, description, effective_time, duration, question_quantity, question_points, pass_criteria, full_score, creator) VALUES (?, ?, ?, ?, ?, ?, ?, ?, ?, ?) 
[18 八月 2016 19:08:40 DEBUG] - ==> Parameters: E00088(String), Exam name(String), this is test exam(String), 2016-08-18 19:08:00.0(Timestamp), 60(String), 20(String), 5(String), 60(String), 100(String), Glenn.Zheng(String)
log method endcom.augmentum.oes.service.impl.ExamServiceImpl.addExam
[18 八月 2016 19:08:40  INFO] - Glenn.Zheng:ExamService:addExam:0
before method。。。。 
invoke logMethodTime....
[18 八月 2016 19:08:40 DEBUG] - ooo Using Connection [com.mchange.v2.c3p0.impl.NewProxyConnection@f15f6c]
[18 八月 2016 19:08:40 DEBUG] - ==>  Preparing: INSERT INTO exam(exam_id, exam_name, description, effective_time, duration, question_quantity, question_points, pass_criteria, full_score, creator) VALUES (?, ?, ?, ?, ?, ?, ?, ?, ?, ?) 
[18 八月 2016 19:08:40 DEBUG] - ==> Parameters: E00089(String), Exam name(String), this is test exam(String), 2016-08-18 19:08:00.0(Timestamp), 60(String), 20(String), 5(String), 60(String), 100(String), Glenn.Zheng(String)
log method endcom.augmentum.oes.service.impl.ExamServiceImpl.addExam
[18 八月 2016 19:08:40  INFO] - Glenn.Zheng:ExamService:addExam:0
before method。。。。 
invoke logMethodTime....
[18 八月 2016 19:08:40 DEBUG] - ooo Using Connection [com.mchange.v2.c3p0.impl.NewProxyConnection@c2c3dd]
[18 八月 2016 19:08:40 DEBUG] - ==>  Preparing: INSERT INTO exam(exam_id, exam_name, description, effective_time, duration, question_quantity, question_points, pass_criteria, full_score, creator) VALUES (?, ?, ?, ?, ?, ?, ?, ?, ?, ?) 
[18 八月 2016 19:08:40 DEBUG] - ==> Parameters: E00090(String), Exam name(String), this is test exam(String), 2016-08-18 19:08:00.0(Timestamp), 60(String), 20(String), 5(String), 60(String), 100(String), Glenn.Zheng(String)
log method endcom.augmentum.oes.service.impl.ExamServiceImpl.addExam
[18 八月 2016 19:08:40  INFO] - Glenn.Zheng:ExamService:addExam:0
before method。。。。 
invoke logMethodTime....
[18 八月 2016 19:08:40 DEBUG] - ooo Using Connection [com.mchange.v2.c3p0.impl.NewProxyConnection@1c61868]
[18 八月 2016 19:08:40 DEBUG] - ==>  Preparing: INSERT INTO exam(exam_id, exam_name, description, effective_time, duration, question_quantity, question_points, pass_criteria, full_score, creator) VALUES (?, ?, ?, ?, ?, ?, ?, ?, ?, ?) 
[18 八月 2016 19:08:40 DEBUG] - ==> Parameters: E00091(String), Exam name(String), this is test exam(String), 2016-08-18 19:08:00.0(Timestamp), 60(String), 20(String), 5(String), 60(String), 100(String), Glenn.Zheng(String)
log method endcom.augmentum.oes.service.impl.ExamServiceImpl.addExam
[18 八月 2016 19:08:40  INFO] - Glenn.Zheng:ExamService:addExam:0
before method。。。。 
invoke logMethodTime....
[18 八月 2016 19:08:40 DEBUG] - ooo Using Connection [com.mchange.v2.c3p0.impl.NewProxyConnection@1f3d06e]
[18 八月 2016 19:08:40 DEBUG] - ==>  Preparing: INSERT INTO exam(exam_id, exam_name, description, effective_time, duration, question_quantity, question_points, pass_criteria, full_score, creator) VALUES (?, ?, ?, ?, ?, ?, ?, ?, ?, ?) 
[18 八月 2016 19:08:40 DEBUG] - ==> Parameters: E00092(String), Exam name(String), this is test exam(String), 2016-08-18 19:08:00.0(Timestamp), 60(String), 20(String), 5(String), 60(String), 100(String), Glenn.Zheng(String)
log method endcom.augmentum.oes.service.impl.ExamServiceImpl.addExam
[18 八月 2016 19:08:40  INFO] - Glenn.Zheng:ExamService:addExam:0
before method。。。。 
invoke logMethodTime....
[18 八月 2016 19:08:40 DEBUG] - ooo Using Connection [com.mchange.v2.c3p0.impl.NewProxyConnection@18e743]
[18 八月 2016 19:08:40 DEBUG] - ==>  Preparing: INSERT INTO exam(exam_id, exam_name, description, effective_time, duration, question_quantity, question_points, pass_criteria, full_score, creator) VALUES (?, ?, ?, ?, ?, ?, ?, ?, ?, ?) 
[18 八月 2016 19:08:40 DEBUG] - ==> Parameters: E00093(String), Exam name(String), this is test exam(String), 2016-08-18 19:08:00.0(Timestamp), 60(String), 20(String), 5(String), 60(String), 100(String), Glenn.Zheng(String)
log method endcom.augmentum.oes.service.impl.ExamServiceImpl.addExam
[18 八月 2016 19:08:40  INFO] - Glenn.Zheng:ExamService:addExam:0
before method。。。。 
invoke logMethodTime....
[18 八月 2016 19:08:40 DEBUG] - ooo Using Connection [com.mchange.v2.c3p0.impl.NewProxyConnection@5e8777]
[18 八月 2016 19:08:40 DEBUG] - ==>  Preparing: INSERT INTO exam(exam_id, exam_name, description, effective_time, duration, question_quantity, question_points, pass_criteria, full_score, creator) VALUES (?, ?, ?, ?, ?, ?, ?, ?, ?, ?) 
[18 八月 2016 19:08:40 DEBUG] - ==> Parameters: E00094(String), Exam name(String), this is test exam(String), 2016-08-18 19:08:00.0(Timestamp), 60(String), 20(String), 5(String), 60(String), 100(String), Glenn.Zheng(String)
log method endcom.augmentum.oes.service.impl.ExamServiceImpl.addExam
[18 八月 2016 19:08:40  INFO] - Glenn.Zheng:ExamService:addExam:0
before method。。。。 
invoke logMethodTime....
[18 八月 2016 19:08:40 DEBUG] - ooo Using Connection [com.mchange.v2.c3p0.impl.NewProxyConnection@be49a5]
[18 八月 2016 19:08:40 DEBUG] - ==>  Preparing: INSERT INTO exam(exam_id, exam_name, description, effective_time, duration, question_quantity, question_points, pass_criteria, full_score, creator) VALUES (?, ?, ?, ?, ?, ?, ?, ?, ?, ?) 
[18 八月 2016 19:08:40 DEBUG] - ==> Parameters: E00095(String), Exam name(String), this is test exam(String), 2016-08-18 19:08:00.0(Timestamp), 60(String), 20(String), 5(String), 60(String), 100(String), Glenn.Zheng(String)
log method endcom.augmentum.oes.service.impl.ExamServiceImpl.addExam
[18 八月 2016 19:08:40  INFO] - Glenn.Zheng:ExamService:addExam:0
before method。。。。 
invoke logMethodTime....
[18 八月 2016 19:08:40 DEBUG] - ooo Using Connection [com.mchange.v2.c3p0.impl.NewProxyConnection@f07bc]
[18 八月 2016 19:08:40 DEBUG] - ==>  Preparing: INSERT INTO exam(exam_id, exam_name, description, effective_time, duration, question_quantity, question_points, pass_criteria, full_score, creator) VALUES (?, ?, ?, ?, ?, ?, ?, ?, ?, ?) 
[18 八月 2016 19:08:40 DEBUG] - ==> Parameters: E00096(String), Exam name(String), this is test exam(String), 2016-08-18 19:08:00.0(Timestamp), 60(String), 20(String), 5(String), 60(String), 100(String), Glenn.Zheng(String)
log method endcom.augmentum.oes.service.impl.ExamServiceImpl.addExam
[18 八月 2016 19:08:40  INFO] - Glenn.Zheng:ExamService:addExam:0
before method。。。。 
invoke logMethodTime....
[18 八月 2016 19:08:40 DEBUG] - ooo Using Connection [com.mchange.v2.c3p0.impl.NewProxyConnection@178ed27]
[18 八月 2016 19:08:40 DEBUG] - ==>  Preparing: INSERT INTO exam(exam_id, exam_name, description, effective_time, duration, question_quantity, question_points, pass_criteria, full_score, creator) VALUES (?, ?, ?, ?, ?, ?, ?, ?, ?, ?) 
[18 八月 2016 19:08:40 DEBUG] - ==> Parameters: E00097(String), Exam name(String), this is test exam(String), 2016-08-18 19:08:00.0(Timestamp), 60(String), 20(String), 5(String), 60(String), 100(String), Glenn.Zheng(String)
log method endcom.augmentum.oes.service.impl.ExamServiceImpl.addExam
[18 八月 2016 19:08:40  INFO] - Glenn.Zheng:ExamService:addExam:0
before method。。。。 
invoke logMethodTime....
[18 八月 2016 19:08:40 DEBUG] - ooo Using Connection [com.mchange.v2.c3p0.impl.NewProxyConnection@4adedd]
[18 八月 2016 19:08:40 DEBUG] - ==>  Preparing: INSERT INTO exam(exam_id, exam_name, description, effective_time, duration, question_quantity, question_points, pass_criteria, full_score, creator) VALUES (?, ?, ?, ?, ?, ?, ?, ?, ?, ?) 
[18 八月 2016 19:08:40 DEBUG] - ==> Parameters: E00098(String), Exam name(String), this is test exam(String), 2016-08-18 19:08:00.0(Timestamp), 60(String), 20(String), 5(String), 60(String), 100(String), Glenn.Zheng(String)
log method endcom.augmentum.oes.service.impl.ExamServiceImpl.addExam
[18 八月 2016 19:08:40  INFO] - Glenn.Zheng:ExamService:addExam:0
before method。。。。 
invoke logMethodTime....
[18 八月 2016 19:08:40 DEBUG] - ooo Using Connection [com.mchange.v2.c3p0.impl.NewProxyConnection@197ca20]
[18 八月 2016 19:08:40 DEBUG] - ==>  Preparing: INSERT INTO exam(exam_id, exam_name, description, effective_time, duration, question_quantity, question_points, pass_criteria, full_score, creator) VALUES (?, ?, ?, ?, ?, ?, ?, ?, ?, ?) 
[18 八月 2016 19:08:40 DEBUG] - ==> Parameters: E00099(String), Exam name(String), this is test exam(String), 2016-08-18 19:08:00.0(Timestamp), 60(String), 20(String), 5(String), 60(String), 100(String), Glenn.Zheng(String)
log method endcom.augmentum.oes.service.impl.ExamServiceImpl.addExam
[18 八月 2016 19:08:40  INFO] - Glenn.Zheng:ExamService:addExam:0
before method。。。。 
invoke logMethodTime....
[18 八月 2016 19:08:40 DEBUG] - ooo Using Connection [com.mchange.v2.c3p0.impl.NewProxyConnection@f9491f]
[18 八月 2016 19:08:40 DEBUG] - ==>  Preparing: INSERT INTO exam(exam_id, exam_name, description, effective_time, duration, question_quantity, question_points, pass_criteria, full_score, creator) VALUES (?, ?, ?, ?, ?, ?, ?, ?, ?, ?) 
[18 八月 2016 19:08:40 DEBUG] - ==> Parameters: E000100(String), Exam name(String), this is test exam(String), 2016-08-18 19:08:00.0(Timestamp), 60(String), 20(String), 5(String), 60(String), 100(String), Glenn.Zheng(String)
log method endcom.augmentum.oes.service.impl.ExamServiceImpl.addExam
[18 八月 2016 19:08:40  INFO] - Glenn.Zheng:ExamService:addExam:0
before method。。。。 
invoke logMethodTime....
[18 八月 2016 19:08:40 DEBUG] - ooo Using Connection [com.mchange.v2.c3p0.impl.NewProxyConnection@956e01]
[18 八月 2016 19:08:40 DEBUG] - ==>  Preparing: INSERT INTO exam(exam_id, exam_name, description, effective_time, duration, question_quantity, question_points, pass_criteria, full_score, creator) VALUES (?, ?, ?, ?, ?, ?, ?, ?, ?, ?) 
[18 八月 2016 19:08:40 DEBUG] - ==> Parameters: E000101(String), Exam name(String), this is test exam(String), 2016-08-18 19:08:00.0(Timestamp), 60(String), 20(String), 5(String), 60(String), 100(String), Glenn.Zheng(String)
log method endcom.augmentum.oes.service.impl.ExamServiceImpl.addExam
[18 八月 2016 19:08:40  INFO] - Glenn.Zheng:ExamService:addExam:0
before method。。。。 
invoke logMethodTime....
[18 八月 2016 19:08:40 DEBUG] - ooo Using Connection [com.mchange.v2.c3p0.impl.NewProxyConnection@14d32ea]
[18 八月 2016 19:08:40 DEBUG] - ==>  Preparing: INSERT INTO exam(exam_id, exam_name, description, effective_time, duration, question_quantity, question_points, pass_criteria, full_score, creator) VALUES (?, ?, ?, ?, ?, ?, ?, ?, ?, ?) 
[18 八月 2016 19:08:40 DEBUG] - ==> Parameters: E000102(String), Exam name(String), this is test exam(String), 2016-08-18 19:08:00.0(Timestamp), 60(String), 20(String), 5(String), 60(String), 100(String), Glenn.Zheng(String)
log method endcom.augmentum.oes.service.impl.ExamServiceImpl.addExam
[18 八月 2016 19:08:40  INFO] - Glenn.Zheng:ExamService:addExam:16
before method。。。。 
invoke logMethodTime....
[18 八月 2016 19:08:40 DEBUG] - ooo Using Connection [com.mchange.v2.c3p0.impl.NewProxyConnection@1d3fae4]
[18 八月 2016 19:08:40 DEBUG] - ==>  Preparing: INSERT INTO exam(exam_id, exam_name, description, effective_time, duration, question_quantity, question_points, pass_criteria, full_score, creator) VALUES (?, ?, ?, ?, ?, ?, ?, ?, ?, ?) 
[18 八月 2016 19:08:40 DEBUG] - ==> Parameters: E000103(String), Exam name(String), this is test exam(String), 2016-08-18 19:08:00.0(Timestamp), 60(String), 20(String), 5(String), 60(String), 100(String), Glenn.Zheng(String)
log method endcom.augmentum.oes.service.impl.ExamServiceImpl.addExam
[18 八月 2016 19:08:40  INFO] - Glenn.Zheng:ExamService:addExam:0
before method。。。。 
invoke logMethodTime....
[18 八月 2016 19:08:40 DEBUG] - ooo Using Connection [com.mchange.v2.c3p0.impl.NewProxyConnection@1f63ab6]
[18 八月 2016 19:08:40 DEBUG] - ==>  Preparing: INSERT INTO exam(exam_id, exam_name, description, effective_time, duration, question_quantity, question_points, pass_criteria, full_score, creator) VALUES (?, ?, ?, ?, ?, ?, ?, ?, ?, ?) 
[18 八月 2016 19:08:40 DEBUG] - ==> Parameters: E000104(String), Exam name(String), this is test exam(String), 2016-08-18 19:08:00.0(Timestamp), 60(String), 20(String), 5(String), 60(String), 100(String), Glenn.Zheng(String)
log method endcom.augmentum.oes.service.impl.ExamServiceImpl.addExam
[18 八月 2016 19:08:40  INFO] - Glenn.Zheng:ExamService:addExam:0
before method。。。。 
invoke logMethodTime....
[18 八月 2016 19:08:40 DEBUG] - ooo Using Connection [com.mchange.v2.c3p0.impl.NewProxyConnection@1d5a139]
[18 八月 2016 19:08:40 DEBUG] - ==>  Preparing: INSERT INTO exam(exam_id, exam_name, description, effective_time, duration, question_quantity, question_points, pass_criteria, full_score, creator) VALUES (?, ?, ?, ?, ?, ?, ?, ?, ?, ?) 
[18 八月 2016 19:08:40 DEBUG] - ==> Parameters: E000105(String), Exam name(String), this is test exam(String), 2016-08-18 19:08:00.0(Timestamp), 60(String), 20(String), 5(String), 60(String), 100(String), Glenn.Zheng(String)
log method endcom.augmentum.oes.service.impl.ExamServiceImpl.addExam
[18 八月 2016 19:08:40  INFO] - Glenn.Zheng:ExamService:addExam:15
before method。。。。 
invoke logMethodTime....
[18 八月 2016 19:08:40 DEBUG] - ooo Using Connection [com.mchange.v2.c3p0.impl.NewProxyConnection@6c8123]
[18 八月 2016 19:08:40 DEBUG] - ==>  Preparing: INSERT INTO exam(exam_id, exam_name, description, effective_time, duration, question_quantity, question_points, pass_criteria, full_score, creator) VALUES (?, ?, ?, ?, ?, ?, ?, ?, ?, ?) 
[18 八月 2016 19:08:40 DEBUG] - ==> Parameters: E000106(String), Exam name(String), this is test exam(String), 2016-08-18 19:08:00.0(Timestamp), 60(String), 20(String), 5(String), 60(String), 100(String), Glenn.Zheng(String)
log method endcom.augmentum.oes.service.impl.ExamServiceImpl.addExam
[18 八月 2016 19:08:40  INFO] - Glenn.Zheng:ExamService:addExam:0
before method。。。。 
invoke logMethodTime....
[18 八月 2016 19:08:40 DEBUG] - ooo Using Connection [com.mchange.v2.c3p0.impl.NewProxyConnection@38d6e4]
[18 八月 2016 19:08:40 DEBUG] - ==>  Preparing: INSERT INTO exam(exam_id, exam_name, description, effective_time, duration, question_quantity, question_points, pass_criteria, full_score, creator) VALUES (?, ?, ?, ?, ?, ?, ?, ?, ?, ?) 
[18 八月 2016 19:08:40 DEBUG] - ==> Parameters: E000107(String), Exam name(String), this is test exam(String), 2016-08-18 19:08:00.0(Timestamp), 60(String), 20(String), 5(String), 60(String), 100(String), Glenn.Zheng(String)
[...]
	at org.springframework.test.context.CacheAwareContextLoaderDelegate.loadContextInternal(CacheAwareContextLoaderDelegate.java:64)
	at org.springframework.test.context.CacheAwareContextLoaderDelegate.loadContext(CacheAwareContextLoaderDelegate.java:91)
	at org.springframework.test.context.TestContext.getApplicationContext(TestContext.java:122)
	at org.springframework.test.context.support.DependencyInjectionTestExecutionListener.injectDependencies(DependencyInjectionTestExecutionListener.java:109)
	at org.springframework.test.context.support.DependencyInjectionTestExecutionListener.prepareTestInstance(DependencyInjectionTestExecutionListener.java:75)
	at org.springframework.test.context.TestContextManager.prepareTestInstance(TestContextManager.java:312)
	at org.springframework.test.context.junit4.SpringJUnit4ClassRunner.createTest(SpringJUnit4ClassRunner.java:211)
	at org.springframework.test.context.junit4.SpringJUnit4ClassRunner$1.runReflectiveCall(SpringJUnit4ClassRunner.java:288)
	at org.junit.internal.runners.model.ReflectiveCallable.run(ReflectiveCallable.java:15)
	at org.springframework.test.context.junit4.SpringJUnit4ClassRunner.methodBlock(SpringJUnit4ClassRunner.java:284)
	at org.springframework.test.context.junit4.SpringJUnit4ClassRunner.runChild(SpringJUnit4ClassRunner.java:231)
	at org.springframework.test.context.junit4.SpringJUnit4ClassRunner.runChild(SpringJUnit4ClassRunner.java:88)
	at org.junit.runners.ParentRunner$3.run(ParentRunner.java:231)
	at org.junit.runners.ParentRunner$1.schedule(ParentRunner.java:60)
	at org.junit.runners.ParentRunner.runChildren(ParentRunner.java:229)
	at org.junit.runners.ParentRunner.access$000(ParentRunner.java:50)
	at org.junit.runners.ParentRunner$2.evaluate(ParentRunner.java:222)
	at org.springframework.test.context.junit4.statements.RunBeforeTestClassCallbacks.evaluate(RunBeforeTestClassCallbacks.java:61)
	at org.springframework.test.context.junit4.statements.RunAfterTestClassCallbacks.evaluate(RunAfterTestClassCallbacks.java:71)
	at org.junit.runners.ParentRunner.run(ParentRunner.java:300)
	at org.springframework.test.context.junit4.SpringJUnit4ClassRunner.run(SpringJUnit4ClassRunner.java:174)
	at junit.framework.JUnit4TestAdapter.run(JUnit4TestAdapter.java:39)
	at org.apache.tools.ant.taskdefs.optional.junit.JUnitTestRunner.run(JUnitTestRunner.java:523)
	at org.apache.tools.ant.taskdefs.optional.junit.JUnitTestRunner.launch(JUnitTestRunner.java:1063)
	at org.apache.tools.ant.taskdefs.optional.junit.JUnitTestRunner.main(JUnitTestRunner.java:914)
before method。。。。 
invoke logMethodTime....
log method endcom.augmentum.oes.service.impl.UserServiceImpl.login
log method end-->com.augmentum.oes.service.impl.UserServiceImpl.loginthrow exception
[18 八月 2016 19:08:57  INFO] - username or password is null
com.augmentum.oes.exception.ParameterException
	at com.augmentum.oes.service.impl.UserServiceImpl.<init>(UserServiceImpl.java:18)
	at sun.reflect.NativeConstructorAccessorImpl.newInstance0(Native Method)
	at sun.reflect.NativeConstructorAccessorImpl.newInstance(NativeConstructorAccessorImpl.java:57)
	at sun.reflect.DelegatingConstructorAccessorImpl.newInstance(DelegatingConstructorAccessorImpl.java:45)
	at java.lang.reflect.Constructor.newInstance(Constructor.java:526)
	at org.springframework.beans.BeanUtils.instantiateClass(BeanUtils.java:147)
	at org.springframework.beans.factory.support.SimpleInstantiationStrategy.instantiate(SimpleInstantiationStrategy.java:76)
	at org.springframework.beans.factory.support.AbstractAutowireCapableBeanFactory.instantiateBean(AbstractAutowireCapableBeanFactory.java:990)
	at org.springframework.beans.factory.support.AbstractAutowireCapableBeanFactory.createBeanInstance(AbstractAutowireCapableBeanFactory.java:943)
	at org.springframework.beans.factory.support.AbstractAutowireCapableBeanFactory.doCreateBean(AbstractAutowireCapableBeanFactory.java:485)
	at org.springframework.beans.factory.support.AbstractAutowireCapableBeanFactory.createBean(AbstractAutowireCapableBeanFactory.java:456)
	at org.springframework.beans.factory.support.AbstractBeanFactory$1.getObject(AbstractBeanFactory.java:294)
	at org.springframework.beans.factory.support.DefaultSingletonBeanRegistry.getSingleton(DefaultSingletonBeanRegistry.java:225)
	at org.springframework.beans.factory.support.AbstractBeanFactory.doGetBean(AbstractBeanFactory.java:291)
	at org.springframework.beans.factory.support.AbstractBeanFactory.getBean(AbstractBeanFactory.java:193)
	at org.springframework.beans.factory.support.DefaultListableBeanFactory.preInstantiateSingletons(DefaultListableBeanFactory.java:585)
	at org.springframework.context.support.AbstractApplicationContext.finishBeanFactoryInitialization(AbstractApplicationContext.java:913)
	at org.springframework.context.support.AbstractApplicationContext.refresh(AbstractApplicationContext.java:464)
	at org.springframework.test.context.support.AbstractGenericContextLoader.loadContext(AbstractGenericContextLoader.java:120)
	at org.springframework.test.context.support.AbstractGenericContextLoader.loadContext(AbstractGenericContextLoader.java:60)
	at org.springframework.test.context.support.AbstractDelegatingSmartContextLoader.delegateLoading(AbstractDelegatingSmartContextLoader.java:100)
	at org.springframework.test.context.support.AbstractDelegatingSmartContextLoader.loadContext(AbstractDelegatingSmartContextLoader.java:248)
	at org.springframework.test.context.CacheAwareContextLoaderDelegate.loadContextInternal(CacheAwareContextLoaderDelegate.java:64)
	at org.springframework.test.context.CacheAwareContextLoaderDelegate.loadContext(CacheAwareContextLoaderDelegate.java:91)
	at org.springframework.test.context.TestContext.getApplicationContext(TestContext.java:122)
	at org.springframework.test.context.support.DependencyInjectionTestExecutionListener.injectDependencies(DependencyInjectionTestExecutionListener.java:109)
	at org.springframework.test.context.support.DependencyInjectionTestExecutionListener.prepareTestInstance(DependencyInjectionTestExecutionListener.java:75)
	at org.springframework.test.context.TestContextManager.prepareTestInstance(TestContextManager.java:312)
	at org.springframework.test.context.junit4.SpringJUnit4ClassRunner.createTest(SpringJUnit4ClassRunner.java:211)
	at org.springframework.test.context.junit4.SpringJUnit4ClassRunner$1.runReflectiveCall(SpringJUnit4ClassRunner.java:288)
	at org.junit.internal.runners.model.ReflectiveCallable.run(ReflectiveCallable.java:15)
	at org.springframework.test.context.junit4.SpringJUnit4ClassRunner.methodBlock(SpringJUnit4ClassRunner.java:284)
	at org.springframework.test.context.junit4.SpringJUnit4ClassRunner.runChild(SpringJUnit4ClassRunner.java:231)
	at org.springframework.test.context.junit4.SpringJUnit4ClassRunner.runChild(SpringJUnit4ClassRunner.java:88)
	at org.junit.runners.ParentRunner$3.run(ParentRunner.java:231)
	at org.junit.runners.ParentRunner$1.schedule(ParentRunner.java:60)
	at org.junit.runners.ParentRunner.runChildren(ParentRunner.java:229)
	at org.junit.runners.ParentRunner.access$000(ParentRunner.java:50)
	at org.junit.runners.ParentRunner$2.evaluate(ParentRunner.java:222)
	at org.springframework.test.context.junit4.statements.RunBeforeTestClassCallbacks.evaluate(RunBeforeTestClassCallbacks.java:61)
	at org.springframework.test.context.junit4.statements.RunAfterTestClassCallbacks.evaluate(RunAfterTestClassCallbacks.java:71)
	at org.junit.runners.ParentRunner.run(ParentRunner.java:300)
	at org.springframework.test.context.junit4.SpringJUnit4ClassRunner.run(SpringJUnit4ClassRunner.java:174)
	at junit.framework.JUnit4TestAdapter.run(JUnit4TestAdapter.java:39)
	at org.apache.tools.ant.taskdefs.optional.junit.JUnitTestRunner.run(JUnitTestRunner.java:523)
	at org.apache.tools.ant.taskdefs.optional.junit.JUnitTestRunner.launch(JUnitTestRunner.java:1063)
	at org.apache.tools.ant.taskdefs.optional.junit.JUnitTestRunner.main(JUnitTestRunner.java:914)
before method。。。。 
invoke logMethodTime....
log method endcom.augmentum.oes.service.impl.UserServiceImpl.login
log method end-->com.augmentum.oes.service.impl.UserServiceImpl.loginthrow exception
[18 八月 2016 19:08:57  INFO] - username or password is null
com.augmentum.oes.exception.ParameterException
	at com.augmentum.oes.service.impl.UserServiceImpl.<init>(UserServiceImpl.java:18)
	at sun.reflect.NativeConstructorAccessorImpl.newInstance0(Native Method)
	at sun.reflect.NativeConstructorAccessorImpl.newInstance(NativeConstructorAccessorImpl.java:57)
	at sun.reflect.DelegatingConstructorAccessorImpl.newInstance(DelegatingConstructorAccessorImpl.java:45)
	at java.lang.reflect.Constructor.newInstance(Constructor.java:526)
	at org.springframework.beans.BeanUtils.instantiateClass(BeanUtils.java:147)
	at org.springframework.beans.factory.support.SimpleInstantiationStrategy.instantiate(SimpleInstantiationStrategy.java:76)
	at org.springframework.beans.factory.support.AbstractAutowireCapableBeanFactory.instantiateBean(AbstractAutowireCapableBeanFactory.java:990)
	at org.springframework.beans.factory.support.AbstractAutowireCapableBeanFactory.createBeanInstance(AbstractAutowireCapableBeanFactory.java:943)
	at org.springframework.beans.factory.support.AbstractAutowireCapableBeanFactory.doCreateBean(AbstractAutowireCapableBeanFactory.java:485)
	at org.springframework.beans.factory.support.AbstractAutowireCapableBeanFactory.createBean(AbstractAutowireCapableBeanFactory.java:456)
	at org.springframework.beans.factory.support.AbstractBeanFactory$1.getObject(AbstractBeanFactory.java:294)
	at org.springframework.beans.factory.support.DefaultSingletonBeanRegistry.getSingleton(DefaultSingletonBeanRegistry.java:225)
	at org.springframework.beans.factory.support.AbstractBeanFactory.doGetBean(AbstractBeanFactory.java:291)
	at org.springframework.beans.factory.support.AbstractBeanFactory.getBean(AbstractBeanFactory.java:193)
	at org.springframework.beans.factory.support.DefaultListableBeanFactory.preInstantiateSingletons(DefaultListableBeanFactory.java:585)
	at org.springframework.context.support.AbstractApplicationContext.finishBeanFactoryInitialization(AbstractApplicationContext.java:913)
	at org.springframework.context.support.AbstractApplicationContext.refresh(AbstractApplicationContext.java:464)
	at org.springframework.test.context.support.AbstractGenericContextLoader.loadContext(AbstractGenericContextLoader.java:120)
	at org.springframework.test.context.support.AbstractGenericContextLoader.loadContext(AbstractGenericContextLoader.java:60)
	at org.springframework.test.context.support.AbstractDelegatingSmartContextLoader.delegateLoading(AbstractDelegatingSmartContextLoader.java:100)
	at org.springframework.test.context.support.AbstractDelegatingSmartContextLoader.loadContext(AbstractDelegatingSmartContextLoader.java:248)
	at org.springframework.test.context.CacheAwareContextLoaderDelegate.loadContextInternal(CacheAwareContextLoaderDelegate.java:64)
	at org.springframework.test.context.CacheAwareContextLoaderDelegate.loadContext(CacheAwareContextLoaderDelegate.java:91)
	at org.springframework.test.context.TestContext.getApplicationContext(TestContext.java:122)
	at org.springframework.test.context.support.DependencyInjectionTestExecutionListener.injectDependencies(DependencyInjectionTestExecutionListener.java:109)
	at org.springframework.test.context.support.DependencyInjectionTestExecutionListener.prepareTestInstance(DependencyInjectionTestExecutionListener.java:75)
	at org.springframework.test.context.TestContextManager.prepareTestInstance(TestContextManager.java:312)
	at org.springframework.test.context.junit4.SpringJUnit4ClassRunner.createTest(SpringJUnit4ClassRunner.java:211)
	at org.springframework.test.context.junit4.SpringJUnit4ClassRunner$1.runReflectiveCall(SpringJUnit4ClassRunner.java:288)
	at org.junit.internal.runners.model.ReflectiveCallable.run(ReflectiveCallable.java:15)
	at org.springframework.test.context.junit4.SpringJUnit4ClassRunner.methodBlock(SpringJUnit4ClassRunner.java:284)
	at org.springframework.test.context.junit4.SpringJUnit4ClassRunner.runChild(SpringJUnit4ClassRunner.java:231)
	at org.springframework.test.context.junit4.SpringJUnit4ClassRunner.runChild(SpringJUnit4ClassRunner.java:88)
	at org.junit.runners.ParentRunner$3.run(ParentRunner.java:231)
	at org.junit.runners.ParentRunner$1.schedule(ParentRunner.java:60)
	at org.junit.runners.ParentRunner.runChildren(ParentRunner.java:229)
	at org.junit.runners.ParentRunner.access$000(ParentRunner.java:50)
	at org.junit.runners.ParentRunner$2.evaluate(ParentRunner.java:222)
	at org.springframework.test.context.junit4.statements.RunBeforeTestClassCallbacks.evaluate(RunBeforeTestClassCallbacks.java:61)
	at org.springframework.test.context.junit4.statements.RunAfterTestClassCallbacks.evaluate(RunAfterTestClassCallbacks.java:71)
	at org.junit.runners.ParentRunner.run(ParentRunner.java:300)
	at org.springframework.test.context.junit4.SpringJUnit4ClassRunner.run(SpringJUnit4ClassRunner.java:174)
	at junit.framework.JUnit4TestAdapter.run(JUnit4TestAdapter.java:39)
	at org.apache.tools.ant.taskdefs.optional.junit.JUnitTestRunner.run(JUnitTestRunner.java:523)
	at org.apache.tools.ant.taskdefs.optional.junit.JUnitTestRunner.launch(JUnitTestRunner.java:1063)
	at org.apache.tools.ant.taskdefs.optional.junit.JUnitTestRunner.main(JUnitTestRunner.java:914)
]]></system-out>

      <system-err><![CDATA[]]></system-err>

  </testsuite>
  <testsuite errors="0" failures="0" hostname="yt00638" id="3" name="QuestionServiceTest" package="com.augmentum.oes.service" skipped="0" tests="2" time="6.484" timestamp="2016-08-18T11:08:58">
      <properties>
[...]
</properties>

      <testcase classname="com.augmentum.oes.service.QuestionServiceTest" name="testViewQuestionListByKeyWords" time="6.389" />

      <testcase classname="com.augmentum.oes.service.QuestionServiceTest" name="testupdateQuestion" time="0.016" />

      <system-out><![CDATA[before method。。。。 
invoke logMethodTime....
[18 八月 2016 19:09:05 DEBUG] - ooo Using Connection [com.mchange.v2.c3p0.impl.NewProxyConnection@8b51b8]
[18 八月 2016 19:09:05 DEBUG] - ==>  Preparing: SELECT * FROM question WHERE question_content LIKE CONCAT(CONCAT('%', ?), '%') AND isdelete != true AND previous_id = 0 
[18 八月 2016 19:09:05 DEBUG] - ==> Parameters: 9(String)
log method endcom.augmentum.oes.service.impl.QuestionServiceImpl.viewQuestionListByKeyWords
[18 八月 2016 19:09:05  INFO] - Glenn.Zheng:QuestionService:viewQuestionListByKeyWords:250
before method。。。。 
invoke logMethodTime....
log method endcom.augmentum.oes.service.impl.QuestionServiceImpl.updateQuestion
log method end-->com.augmentum.oes.service.impl.QuestionServiceImpl.updateQuestionthrow exception
]]></system-out>

      <system-err><![CDATA[com.augmentum.oes.exception.ParameterException
	at com.augmentum.oes.service.impl.QuestionServiceImpl.<init>(QuestionServiceImpl.java:20)
	at sun.reflect.NativeConstructorAccessorImpl.newInstance0(Native Method)
	at sun.reflect.NativeConstructorAccessorImpl.newInstance(NativeConstructorAccessorImpl.java:57)
	at sun.reflect.DelegatingConstructorAccessorImpl.newInstance(DelegatingConstructorAccessorImpl.java:45)
	at java.lang.reflect.Constructor.newInstance(Constructor.java:526)
	at org.springframework.beans.BeanUtils.instantiateClass(BeanUtils.java:147)
	at org.springframework.beans.factory.support.SimpleInstantiationStrategy.instantiate(SimpleInstantiationStrategy.java:76)
	at org.springframework.beans.factory.support.AbstractAutowireCapableBeanFactory.instantiateBean(AbstractAutowireCapableBeanFactory.java:990)
	at org.springframework.beans.factory.support.AbstractAutowireCapableBeanFactory.createBeanInstance(AbstractAutowireCapableBeanFactory.java:943)
	at org.springframework.beans.factory.support.AbstractAutowireCapableBeanFactory.doCreateBean(AbstractAutowireCapableBeanFactory.java:485)
	at org.springframework.beans.factory.support.AbstractAutowireCapableBeanFactory.createBean(AbstractAutowireCapableBeanFactory.java:456)
	at org.springframework.beans.factory.support.AbstractBeanFactory$1.getObject(AbstractBeanFactory.java:294)
	at org.springframework.beans.factory.support.DefaultSingletonBeanRegistry.getSingleton(DefaultSingletonBeanRegistry.java:225)
	at org.springframework.beans.factory.support.AbstractBeanFactory.doGetBean(AbstractBeanFactory.java:291)
	at org.springframework.beans.factory.support.AbstractBeanFactory.getBean(AbstractBeanFactory.java:193)
	at org.springframework.beans.factory.support.DefaultListableBeanFactory.preInstantiateSingletons(DefaultListableBeanFactory.java:585)
	at org.springframework.context.support.AbstractApplicationContext.finishBeanFactoryInitialization(AbstractApplicationContext.java:913)
	at org.springframework.context.support.AbstractApplicationContext.refresh(AbstractApplicationContext.java:464)
	at org.springframework.test.context.support.AbstractGenericContextLoader.loadContext(AbstractGenericContextLoader.java:120)
	at org.springframework.test.context.support.AbstractGenericContextLoader.loadContext(AbstractGenericContextLoader.java:60)
	at org.springframework.test.context.support.AbstractDelegatingSmartContextLoader.delegateLoading(AbstractDelegatingSmartContextLoader.java:100)
	at org.springframework.test.context.support.AbstractDelegatingSmartContextLoader.loadContext(AbstractDelegatingSmartContextLoader.java:248)
	at org.springframework.test.context.CacheAwareContextLoaderDelegate.loadContextInternal(CacheAwareContextLoaderDelegate.java:64)
	at org.springframework.test.context.CacheAwareContextLoaderDelegate.loadContext(CacheAwareContextLoaderDelegate.java:91)
	at org.springframework.test.context.TestContext.getApplicationContext(TestContext.java:122)
	at org.springframework.test.context.support.DependencyInjectionTestExecutionListener.injectDependencies(DependencyInjectionTestExecutionListener.java:109)
	at org.springframework.test.context.support.DependencyInjectionTestExecutionListener.prepareTestInstance(DependencyInjectionTestExecutionListener.java:75)
	at org.springframework.test.context.TestContextManager.prepareTestInstance(TestContextManager.java:312)
	at org.springframework.test.context.junit4.SpringJUnit4ClassRunner.createTest(SpringJUnit4ClassRunner.java:211)
	at org.springframework.test.context.junit4.SpringJUnit4ClassRunner$1.runReflectiveCall(SpringJUnit4ClassRunner.java:288)
	at org.junit.internal.runners.model.ReflectiveCallable.run(ReflectiveCallable.java:15)
	at org.springframework.test.context.junit4.SpringJUnit4ClassRunner.methodBlock(SpringJUnit4ClassRunner.java:284)
	at org.springframework.test.context.junit4.SpringJUnit4ClassRunner.runChild(SpringJUnit4ClassRunner.java:231)
	at org.springframework.test.context.junit4.SpringJUnit4ClassRunner.runChild(SpringJUnit4ClassRunner.java:88)
	at org.junit.runners.ParentRunner$3.run(ParentRunner.java:231)
	at org.junit.runners.ParentRunner$1.schedule(ParentRunner.java:60)
	at org.junit.runners.ParentRunner.runChildren(ParentRunner.java:229)
	at org.junit.runners.ParentRunner.access$000(ParentRunner.java:50)
	at org.junit.runners.ParentRunner$2.evaluate(ParentRunner.java:222)
	at org.springframework.test.context.junit4.statements.RunBeforeTestClassCallbacks.evaluate(RunBeforeTestClassCallbacks.java:61)
	at org.springframework.test.context.junit4.statements.RunAfterTestClassCallbacks.evaluate(RunAfterTestClassCallbacks.java:71)
	at org.junit.runners.ParentRunner.run(ParentRunner.java:300)
	at org.springframework.test.context.junit4.SpringJUnit4ClassRunner.run(SpringJUnit4ClassRunner.java:174)
	at junit.framework.JUnit4TestAdapter.run(JUnit4TestAdapter.java:39)
	at org.apache.tools.ant.taskdefs.optional.junit.JUnitTestRunner.run(JUnitTestRunner.java:523)
	at org.apache.tools.ant.taskdefs.optional.junit.JUnitTestRunner.launch(JUnitTestRunner.java:1063)
	at org.apache.tools.ant.taskdefs.optional.junit.JUnitTestRunner.main(JUnitTestRunner.java:914)
]]></system-err>

  </testsuite>
</testsuites>
